Determining if the pthread_create exist failed with the following output:
Change Dir: /home/pratyush/git/px4_data_collection/catkin_ws/build/mavros/CMakeFiles/CMakeTmp

Run Build Command:"/usr/bin/make" "cmTC_cad6c/fast"
/usr/bin/make -f CMakeFiles/cmTC_cad6c.dir/build.make CMakeFiles/cmTC_cad6c.dir/build
make[1]: Entering directory '/home/pratyush/git/px4_data_collection/catkin_ws/build/mavros/CMakeFiles/CMakeTmp'
Building C object CMakeFiles/cmTC_cad6c.dir/CheckSymbolExists.c.o
/usr/bin/cc     -o CMakeFiles/cmTC_cad6c.dir/CheckSymbolExists.c.o   -c /home/pratyush/git/px4_data_collection/catkin_ws/build/mavros/CMakeFiles/CMakeTmp/CheckSymbolExists.c
Linking C executable cmTC_cad6c
/usr/bin/cmake -E cmake_link_script CMakeFiles/cmTC_cad6c.dir/link.txt --verbose=1
/usr/bin/cc       CMakeFiles/cmTC_cad6c.dir/CheckSymbolExists.c.o  -o cmTC_cad6c -rdynamic 
CMakeFiles/cmTC_cad6c.dir/CheckSymbolExists.c.o: In function `main':
CheckSymbolExists.c:(.text+0x16): undefined reference to `pthread_create'
collect2: error: ld returned 1 exit status
CMakeFiles/cmTC_cad6c.dir/build.make:97: recipe for target 'cmTC_cad6c' failed
make[1]: *** [cmTC_cad6c] Error 1
make[1]: Leaving directory '/home/pratyush/git/px4_data_collection/catkin_ws/build/mavros/CMakeFiles/CMakeTmp'
Makefile:126: recipe for target 'cmTC_cad6c/fast' failed
make: *** [cmTC_cad6c/fast] Error 2

File /home/pratyush/git/px4_data_collection/catkin_ws/build/mavros/CMakeFiles/CMakeTmp/CheckSymbolExists.c:
/* */
#include <pthread.h>

int main(int argc, char** argv)
{
  (void)argv;
#ifndef pthread_create
  return ((int*)(&pthread_create))[argc];
#else
  (void)argc;
  return 0;
#endif
}

Determining if the function pthread_create exists in the pthreads failed with the following output:
Change Dir: /home/pratyush/git/px4_data_collection/catkin_ws/build/mavros/CMakeFiles/CMakeTmp

Run Build Command:"/usr/bin/make" "cmTC_8e1fa/fast"
/usr/bin/make -f CMakeFiles/cmTC_8e1fa.dir/build.make CMakeFiles/cmTC_8e1fa.dir/build
make[1]: Entering directory '/home/pratyush/git/px4_data_collection/catkin_ws/build/mavros/CMakeFiles/CMakeTmp'
Building C object CMakeFiles/cmTC_8e1fa.dir/CheckFunctionExists.c.o
/usr/bin/cc    -DCHECK_FUNCTION_EXISTS=pthread_create   -o CMakeFiles/cmTC_8e1fa.dir/CheckFunctionExists.c.o   -c /usr/share/cmake-3.5/Modules/CheckFunctionExists.c
Linking C executable cmTC_8e1fa
/usr/bin/cmake -E cmake_link_script CMakeFiles/cmTC_8e1fa.dir/link.txt --verbose=1
/usr/bin/cc   -DCHECK_FUNCTION_EXISTS=pthread_create    CMakeFiles/cmTC_8e1fa.dir/CheckFunctionExists.c.o  -o cmTC_8e1fa -rdynamic -lpthreads 
/usr/bin/ld: cannot find -lpthreads
collect2: error: ld returned 1 exit status
CMakeFiles/cmTC_8e1fa.dir/build.make:97: recipe for target 'cmTC_8e1fa' failed
make[1]: *** [cmTC_8e1fa] Error 1
make[1]: Leaving directory '/home/pratyush/git/px4_data_collection/catkin_ws/build/mavros/CMakeFiles/CMakeTmp'
Makefile:126: recipe for target 'cmTC_8e1fa/fast' failed
make: *** [cmTC_8e1fa/fast] Error 2


