Determining if the pthread_create exist failed with the following output:
Change Dir: /home/pratyush/git/px4_data_collection/catkin_ws/build/offb_pkg/CMakeFiles/CMakeTmp

Run Build Command:"/usr/bin/make" "cmTC_2ae82/fast"
/usr/bin/make -f CMakeFiles/cmTC_2ae82.dir/build.make CMakeFiles/cmTC_2ae82.dir/build
make[1]: Entering directory '/home/pratyush/git/px4_data_collection/catkin_ws/build/offb_pkg/CMakeFiles/CMakeTmp'
Building C object CMakeFiles/cmTC_2ae82.dir/CheckSymbolExists.c.o
/usr/bin/cc     -o CMakeFiles/cmTC_2ae82.dir/CheckSymbolExists.c.o   -c /home/pratyush/git/px4_data_collection/catkin_ws/build/offb_pkg/CMakeFiles/CMakeTmp/CheckSymbolExists.c
Linking C executable cmTC_2ae82
/usr/bin/cmake -E cmake_link_script CMakeFiles/cmTC_2ae82.dir/link.txt --verbose=1
/usr/bin/cc       CMakeFiles/cmTC_2ae82.dir/CheckSymbolExists.c.o  -o cmTC_2ae82 -rdynamic 
CMakeFiles/cmTC_2ae82.dir/CheckSymbolExists.c.o: In function `main':
CheckSymbolExists.c:(.text+0x16): undefined reference to `pthread_create'
collect2: error: ld returned 1 exit status
CMakeFiles/cmTC_2ae82.dir/build.make:97: recipe for target 'cmTC_2ae82' failed
make[1]: *** [cmTC_2ae82] Error 1
make[1]: Leaving directory '/home/pratyush/git/px4_data_collection/catkin_ws/build/offb_pkg/CMakeFiles/CMakeTmp'
Makefile:126: recipe for target 'cmTC_2ae82/fast' failed
make: *** [cmTC_2ae82/fast] Error 2

File /home/pratyush/git/px4_data_collection/catkin_ws/build/offb_pkg/CMakeFiles/CMakeTmp/CheckSymbolExists.c:
/* */
#include <pthread.h>

int main(int argc, char** argv)
{
  (void)argv;
#ifndef pthread_create
  return ((int*)(&pthread_create))[argc];
#else
  (void)argc;
  return 0;
#endif
}

Determining if the function pthread_create exists in the pthreads failed with the following output:
Change Dir: /home/pratyush/git/px4_data_collection/catkin_ws/build/offb_pkg/CMakeFiles/CMakeTmp

Run Build Command:"/usr/bin/make" "cmTC_296bc/fast"
/usr/bin/make -f CMakeFiles/cmTC_296bc.dir/build.make CMakeFiles/cmTC_296bc.dir/build
make[1]: Entering directory '/home/pratyush/git/px4_data_collection/catkin_ws/build/offb_pkg/CMakeFiles/CMakeTmp'
Building C object CMakeFiles/cmTC_296bc.dir/CheckFunctionExists.c.o
/usr/bin/cc    -DCHECK_FUNCTION_EXISTS=pthread_create   -o CMakeFiles/cmTC_296bc.dir/CheckFunctionExists.c.o   -c /usr/share/cmake-3.5/Modules/CheckFunctionExists.c
Linking C executable cmTC_296bc
/usr/bin/cmake -E cmake_link_script CMakeFiles/cmTC_296bc.dir/link.txt --verbose=1
/usr/bin/cc   -DCHECK_FUNCTION_EXISTS=pthread_create    CMakeFiles/cmTC_296bc.dir/CheckFunctionExists.c.o  -o cmTC_296bc -rdynamic -lpthreads 
/usr/bin/ld: cannot find -lpthreads
collect2: error: ld returned 1 exit status
CMakeFiles/cmTC_296bc.dir/build.make:97: recipe for target 'cmTC_296bc' failed
make[1]: *** [cmTC_296bc] Error 1
make[1]: Leaving directory '/home/pratyush/git/px4_data_collection/catkin_ws/build/offb_pkg/CMakeFiles/CMakeTmp'
Makefile:126: recipe for target 'cmTC_296bc/fast' failed
make: *** [cmTC_296bc/fast] Error 2


