[35m[1mScanning dependencies of target mavros_extras[0m
[35m[1mScanning dependencies of target servo_state_publisher[0m
[35m[1mScanning dependencies of target copter_visualization[0m
[  5%] [32mBuilding CXX object CMakeFiles/servo_state_publisher.dir/src/servo_state_publisher.cpp.o[0m
[ 10%] [32mBuilding CXX object CMakeFiles/copter_visualization.dir/src/copter_visualization.cpp.o[0m
[ 15%] [32mBuilding CXX object CMakeFiles/mavros_extras.dir/src/plugins/adsb.cpp.o[0m
[ 20%] [32mBuilding CXX object CMakeFiles/mavros_extras.dir/src/plugins/debug_value.cpp.o[0m
[ 25%] [32mBuilding CXX object CMakeFiles/mavros_extras.dir/src/plugins/distance_sensor.cpp.o[0m
[ 30%] [32mBuilding CXX object CMakeFiles/mavros_extras.dir/src/plugins/cam_imu_sync.cpp.o[0m
[ 35%] [32mBuilding CXX object CMakeFiles/mavros_extras.dir/src/plugins/fake_gps.cpp.o[0m
[ 40%] [32mBuilding CXX object CMakeFiles/mavros_extras.dir/src/plugins/mocap_pose_estimate.cpp.o[0m
[ 45%] [32m[1mLinking CXX executable /home/pratyush/git/px4_data_collection/catkin_ws/devel/.private/mavros_extras/lib/mavros_extras/servo_state_publisher[0m
[ 50%] [32m[1mLinking CXX executable /home/pratyush/git/px4_data_collection/catkin_ws/devel/.private/mavros_extras/lib/mavros_extras/copter_visualization[0m
[ 50%] Built target servo_state_publisher
[ 55%] [32mBuilding CXX object CMakeFiles/mavros_extras.dir/src/plugins/obstacle_distance.cpp.o[0m
[ 55%] Built target copter_visualization
[ 60%] [32mBuilding CXX object CMakeFiles/mavros_extras.dir/src/plugins/odom.cpp.o[0m
[ 65%] [32mBuilding CXX object CMakeFiles/mavros_extras.dir/src/plugins/px4flow.cpp.o[0m
[ 70%] [32mBuilding CXX object CMakeFiles/mavros_extras.dir/src/plugins/rangefinder.cpp.o[0m
[ 75%] [32mBuilding CXX object CMakeFiles/mavros_extras.dir/src/plugins/vibration.cpp.o[0m
[ 80%] [32mBuilding CXX object CMakeFiles/mavros_extras.dir/src/plugins/vision_pose_estimate.cpp.o[0m
[ 85%] [32mBuilding CXX object CMakeFiles/mavros_extras.dir/src/plugins/vision_speed_estimate.cpp.o[0m
[ 90%] [32mBuilding CXX object CMakeFiles/mavros_extras.dir/src/plugins/lqr_control_params.cpp.o[0m
[ 95%] [32mBuilding CXX object CMakeFiles/mavros_extras.dir/src/plugins/act_control.cpp.o[0m
[100%] [32m[1mLinking CXX shared library /home/pratyush/git/px4_data_collection/catkin_ws/devel/.private/mavros_extras/lib/libmavros_extras.so[0m
[100%] Built target mavros_extras
