[35m[1mScanning dependencies of target uorb_headers[0m
[  1%] [34m[1mGenerating uORB topic headers[0m
[  1%] Built target uorb_headers
[35m[1mScanning dependencies of target df_driver_framework[0m
[  1%] [32mBuilding CXX object src/lib/DriverFramework/framework/src/CMakeFiles/df_driver_framework.dir/DriverFramework.cpp.o[0m
[  1%] [32mBuilding CXX object src/lib/DriverFramework/framework/src/CMakeFiles/df_driver_framework.dir/WorkMgr.cpp.o[0m
[  1%] [32mBuilding CXX object src/lib/DriverFramework/framework/src/CMakeFiles/df_driver_framework.dir/WorkItems.cpp.o[0m
[  1%] [32mBuilding CXX object src/lib/DriverFramework/framework/src/CMakeFiles/df_driver_framework.dir/DevMgr.cpp.o[0m
[  1%] [32mBuilding CXX object src/lib/DriverFramework/framework/src/CMakeFiles/df_driver_framework.dir/DevObj.cpp.o[0m
[  2%] [32mBuilding CXX object src/lib/DriverFramework/framework/src/CMakeFiles/df_driver_framework.dir/SyncObj.cpp.o[0m
[  2%] [32mBuilding CXX object src/lib/DriverFramework/framework/src/CMakeFiles/df_driver_framework.dir/DFList.cpp.o[0m
[  2%] [32mBuilding CXX object src/lib/DriverFramework/framework/src/CMakeFiles/df_driver_framework.dir/Time.cpp.o[0m
[  2%] [32mBuilding CXX object src/lib/DriverFramework/framework/src/CMakeFiles/df_driver_framework.dir/DFDiag.cpp.o[0m
[  2%] [32mBuilding CXX object src/lib/DriverFramework/framework/src/CMakeFiles/df_driver_framework.dir/I2CDevObj.cpp.o[0m
[  2%] [32mBuilding CXX object src/lib/DriverFramework/framework/src/CMakeFiles/df_driver_framework.dir/SPIDevObj.cpp.o[0m
[  3%] [32mBuilding CXX object src/lib/DriverFramework/framework/src/CMakeFiles/df_driver_framework.dir/ImuSensor.cpp.o[0m
[  3%] [32mBuilding CXX object src/lib/DriverFramework/framework/src/CMakeFiles/df_driver_framework.dir/BaroSensor.cpp.o[0m
[  3%] [32mBuilding CXX object src/lib/DriverFramework/framework/src/CMakeFiles/df_driver_framework.dir/MagSensor.cpp.o[0m
[35m[1mScanning dependencies of target ver_gen[0m
[  4%] [34m[1mGenerating git hash header[0m
[  4%] [32m[1mLinking CXX static library /home/pratyush/git/px4_data_collection/catkin_ws/devel/.private/px4/lib/libdf_driver_framework.a[0m
[  4%] Built target df_driver_framework
[35m[1mScanning dependencies of target git_gps_devices[0m
[  4%] [34m[1mgit submodule devices[0m
[  4%] Built target ver_gen
[35m[1mScanning dependencies of target git_driverframework[0m
[  4%] [34m[1mgit submodule src/lib/DriverFramework[0m
[  4%] Built target git_gps_devices
[35m[1mScanning dependencies of target git_mavlink_v2[0m
[  4%] [34m[1mgit submodule /home/pratyush/git/px4_data_collection/catkin_ws/src/Firmware/mavlink/include/mavlink/v2.0[0m
[35m[1mScanning dependencies of target git_ecl[0m
[  4%] [34m[1mgit submodule src/lib/ecl[0m
[  4%] Built target git_driverframework
[35m[1mScanning dependencies of target mixer_gen[0m
[  4%] [34m[1mGenerating mixer_multirotor.generated.h[0m
[  4%] Built target git_mavlink_v2
[  4%] Built target git_ecl
[35m[1mScanning dependencies of target mixer_gen_6dof[0m
[  4%] [34m[1mGenerating mixer_multirotor_6dof.generated.h[0m
[35m[1mScanning dependencies of target prebuild_targets[0m
[  4%] Built target prebuild_targets
[  4%] [34m[1mGenerating uORB topic sources[0m
[  4%] Built target mixer_gen_6dof
[35m[1mScanning dependencies of target launchdetection[0m
[  4%] [34m[1mGenerating mixer_multirotor_normalized.generated.h[0m
[  4%] [32mBuilding CXX object src/modules/fw_pos_control_l1/launchdetection/CMakeFiles/launchdetection.dir/LaunchDetector.cpp.o[0m
[  4%] Built target mixer_gen
[35m[1mScanning dependencies of target runway_takeoff[0m
[  4%] [32mBuilding CXX object src/modules/fw_pos_control_l1/runway_takeoff/CMakeFiles/runway_takeoff.dir/RunwayTakeoff.cpp.o[0m
[  4%] [32mBuilding CXX object src/modules/fw_pos_control_l1/launchdetection/CMakeFiles/launchdetection.dir/CatapultLaunchMethod.cpp.o[0m
[  4%] [32m[1mLinking CXX static library /home/pratyush/git/px4_data_collection/catkin_ws/devel/.private/px4/lib/liblaunchdetection.a[0m
[  4%] [32m[1mLinking CXX static library /home/pratyush/git/px4_data_collection/catkin_ws/devel/.private/px4/lib/librunway_takeoff.a[0m
[  4%] Built target launchdetection
[35m[1mScanning dependencies of target tailsitter_recovery[0m
[  4%] [32mBuilding CXX object src/modules/mc_att_control/tailsitter_recovery/CMakeFiles/tailsitter_recovery.dir/tailsitter_recovery.cpp.o[0m
[  4%] Built target runway_takeoff
[35m[1mScanning dependencies of target drivers__pwm_out_sim[0m
[  4%] [32mBuilding CXX object src/drivers/pwm_out_sim/CMakeFiles/drivers__pwm_out_sim.dir/PWMSim.cpp.o[0m
[  5%] [32m[1mLinking CXX static library /home/pratyush/git/px4_data_collection/catkin_ws/devel/.private/px4/lib/libtailsitter_recovery.a[0m
[  5%] Built target tailsitter_recovery
[  5%] [32m[1mLinking CXX static library /home/pratyush/git/px4_data_collection/catkin_ws/devel/.private/px4/lib/libdrivers__pwm_out_sim.a[0m
[35m[1mScanning dependencies of target lib__mathlib[0m
[  5%] [32mBuilding CXX object src/lib/mathlib/CMakeFiles/lib__mathlib.dir/math/test/test.cpp.o[0m
[  5%] Built target drivers__pwm_out_sim
[35m[1mScanning dependencies of target modules__mc_att_control[0m
[  5%] [32mBuilding CXX object src/lib/mathlib/CMakeFiles/lib__mathlib.dir/math/Limits.cpp.o[0m
[  6%] [32mBuilding CXX object src/modules/mc_att_control/CMakeFiles/modules__mc_att_control.dir/mc_att_control_main.cpp.o[0m
[  6%] [32mBuilding CXX object src/lib/mathlib/CMakeFiles/lib__mathlib.dir/math/matrix_alg.cpp.o[0m
[  6%] [32mBuilding CXX object src/lib/mathlib/CMakeFiles/lib__mathlib.dir/math/filter/LowPassFilter2p.cpp.o[0m
[  7%] [32m[1mLinking CXX static library /home/pratyush/git/px4_data_collection/catkin_ws/devel/.private/px4/lib/liblib__mathlib.a[0m
[  7%] Built target lib__mathlib
[35m[1mScanning dependencies of target uorb_msgs[0m
[  7%] [32mBuilding CXX object msg/CMakeFiles/uorb_msgs.dir/topics_sources/actuator_direct.cpp.o[0m
[  7%] [32mBuilding CXX object msg/CMakeFiles/uorb_msgs.dir/topics_sources/actuator_controls.cpp.o[0m
[  7%] [32mBuilding CXX object msg/CMakeFiles/uorb_msgs.dir/topics_sources/uORBTopics.cpp.o[0m
[  7%] [32mBuilding CXX object msg/CMakeFiles/uorb_msgs.dir/topics_sources/actuator_armed.cpp.o[0m
[  8%] [32mBuilding CXX object msg/CMakeFiles/uorb_msgs.dir/topics_sources/actuator_outputs.cpp.o[0m
[  8%] [32mBuilding CXX object msg/CMakeFiles/uorb_msgs.dir/topics_sources/airspeed.cpp.o[0m
[  8%] [32mBuilding CXX object msg/CMakeFiles/uorb_msgs.dir/topics_sources/adc_report.cpp.o[0m
[  8%] [32mBuilding CXX object msg/CMakeFiles/uorb_msgs.dir/topics_sources/att_pos_mocap.cpp.o[0m
[  8%] [32mBuilding CXX object msg/CMakeFiles/uorb_msgs.dir/topics_sources/battery_status.cpp.o[0m
[  8%] [32mBuilding CXX object msg/CMakeFiles/uorb_msgs.dir/topics_sources/camera_capture.cpp.o[0m
[  9%] [32mBuilding CXX object msg/CMakeFiles/uorb_msgs.dir/topics_sources/collision_report.cpp.o[0m
[  9%] [32mBuilding CXX object msg/CMakeFiles/uorb_msgs.dir/topics_sources/camera_trigger.cpp.o[0m
[  9%] [32mBuilding CXX object msg/CMakeFiles/uorb_msgs.dir/topics_sources/commander_state.cpp.o[0m
[  9%] [32mBuilding CXX object msg/CMakeFiles/uorb_msgs.dir/topics_sources/debug_value.cpp.o[0m
[  9%] [32mBuilding CXX object msg/CMakeFiles/uorb_msgs.dir/topics_sources/debug_key_value.cpp.o[0m
[  9%] [32mBuilding CXX object msg/CMakeFiles/uorb_msgs.dir/topics_sources/debug_vect.cpp.o[0m
[  9%] [32mBuilding CXX object msg/CMakeFiles/uorb_msgs.dir/topics_sources/cpuload.cpp.o[0m
[ 10%] [32mBuilding CXX object msg/CMakeFiles/uorb_msgs.dir/topics_sources/differential_pressure.cpp.o[0m
[ 10%] [32mBuilding CXX object msg/CMakeFiles/uorb_msgs.dir/topics_sources/ekf2_innovations.cpp.o[0m
[ 10%] [32mBuilding CXX object msg/CMakeFiles/uorb_msgs.dir/topics_sources/distance_sensor.cpp.o[0m
[ 10%] [32mBuilding CXX object msg/CMakeFiles/uorb_msgs.dir/topics_sources/ekf2_timestamps.cpp.o[0m
[ 10%] [32mBuilding CXX object msg/CMakeFiles/uorb_msgs.dir/topics_sources/esc_report.cpp.o[0m
[ 10%] [32m[1mLinking CXX static library /home/pratyush/git/px4_data_collection/catkin_ws/devel/.private/px4/lib/libmodules__mc_att_control.a[0m
[ 10%] [32mBuilding CXX object msg/CMakeFiles/uorb_msgs.dir/topics_sources/esc_status.cpp.o[0m
[ 11%] [32mBuilding CXX object msg/CMakeFiles/uorb_msgs.dir/topics_sources/estimator_status.cpp.o[0m
[ 11%] [32mBuilding CXX object msg/CMakeFiles/uorb_msgs.dir/topics_sources/follow_target.cpp.o[0m
[ 11%] Built target modules__mc_att_control
[ 11%] [32mBuilding CXX object msg/CMakeFiles/uorb_msgs.dir/topics_sources/fw_pos_ctrl_status.cpp.o[0m
[ 11%] [32mBuilding CXX object msg/CMakeFiles/uorb_msgs.dir/topics_sources/geofence_result.cpp.o[0m
[ 11%] [32mBuilding CXX object msg/CMakeFiles/uorb_msgs.dir/topics_sources/gps_inject_data.cpp.o[0m
[ 11%] [32mBuilding CXX object msg/CMakeFiles/uorb_msgs.dir/topics_sources/gps_dump.cpp.o[0m
[ 11%] [32mBuilding CXX object msg/CMakeFiles/uorb_msgs.dir/topics_sources/input_rc.cpp.o[0m
[ 12%] [32mBuilding CXX object msg/CMakeFiles/uorb_msgs.dir/topics_sources/home_position.cpp.o[0m
[ 12%] [32mBuilding CXX object msg/CMakeFiles/uorb_msgs.dir/topics_sources/irlock_report.cpp.o[0m
[ 12%] [32mBuilding CXX object msg/CMakeFiles/uorb_msgs.dir/topics_sources/landing_target_pose.cpp.o[0m
[ 12%] [32mBuilding CXX object msg/CMakeFiles/uorb_msgs.dir/topics_sources/landing_target_innovations.cpp.o[0m
[ 12%] [32mBuilding CXX object msg/CMakeFiles/uorb_msgs.dir/topics_sources/led_control.cpp.o[0m
[ 13%] [32mBuilding CXX object msg/CMakeFiles/uorb_msgs.dir/topics_sources/log_message.cpp.o[0m
[ 13%] [32mBuilding CXX object msg/CMakeFiles/uorb_msgs.dir/topics_sources/mission.cpp.o[0m
[ 13%] [32mBuilding CXX object msg/CMakeFiles/uorb_msgs.dir/topics_sources/manual_control_setpoint.cpp.o[0m
[ 13%] [32mBuilding CXX object msg/CMakeFiles/uorb_msgs.dir/topics_sources/mavlink_log.cpp.o[0m
[ 13%] [32mBuilding CXX object msg/CMakeFiles/uorb_msgs.dir/topics_sources/lqr_controls.cpp.o[0m
[ 13%] [32mBuilding CXX object msg/CMakeFiles/uorb_msgs.dir/topics_sources/mission_result.cpp.o[0m
[ 13%] [32mBuilding CXX object msg/CMakeFiles/uorb_msgs.dir/topics_sources/obstacle_distance.cpp.o[0m
[ 14%] [32mBuilding CXX object msg/CMakeFiles/uorb_msgs.dir/topics_sources/multirotor_motor_limits.cpp.o[0m
[ 14%] [32mBuilding CXX object msg/CMakeFiles/uorb_msgs.dir/topics_sources/mount_orientation.cpp.o[0m
[ 14%] [32mBuilding CXX object msg/CMakeFiles/uorb_msgs.dir/topics_sources/offboard_control_mode.cpp.o[0m
[ 14%] [32mBuilding CXX object msg/CMakeFiles/uorb_msgs.dir/topics_sources/optical_flow.cpp.o[0m
[ 14%] [32mBuilding CXX object msg/CMakeFiles/uorb_msgs.dir/topics_sources/parameter_update.cpp.o[0m
[ 14%] [32mBuilding CXX object msg/CMakeFiles/uorb_msgs.dir/topics_sources/position_setpoint.cpp.o[0m
[ 15%] [32mBuilding CXX object msg/CMakeFiles/uorb_msgs.dir/topics_sources/position_setpoint_triplet.cpp.o[0m
[ 15%] [32mBuilding CXX object msg/CMakeFiles/uorb_msgs.dir/topics_sources/power_button_state.cpp.o[0m
[ 15%] [32mBuilding CXX object msg/CMakeFiles/uorb_msgs.dir/topics_sources/pwm_input.cpp.o[0m
[ 15%] [32mBuilding CXX object msg/CMakeFiles/uorb_msgs.dir/topics_sources/qshell_req.cpp.o[0m
[ 15%] [32mBuilding CXX object msg/CMakeFiles/uorb_msgs.dir/topics_sources/rate_ctrl_status.cpp.o[0m
[ 15%] [32mBuilding CXX object msg/CMakeFiles/uorb_msgs.dir/topics_sources/rc_channels.cpp.o[0m
[ 16%] [32mBuilding CXX object msg/CMakeFiles/uorb_msgs.dir/topics_sources/rc_parameter_map.cpp.o[0m
[ 16%] [32mBuilding CXX object msg/CMakeFiles/uorb_msgs.dir/topics_sources/safety.cpp.o[0m
[ 16%] [32mBuilding CXX object msg/CMakeFiles/uorb_msgs.dir/topics_sources/satellite_info.cpp.o[0m
[ 16%] [32mBuilding CXX object msg/CMakeFiles/uorb_msgs.dir/topics_sources/sensor_accel.cpp.o[0m
[ 16%] [32mBuilding CXX object msg/CMakeFiles/uorb_msgs.dir/topics_sources/sensor_baro.cpp.o[0m
[ 16%] [32mBuilding CXX object msg/CMakeFiles/uorb_msgs.dir/topics_sources/sensor_bias.cpp.o[0m
[ 17%] [32mBuilding CXX object msg/CMakeFiles/uorb_msgs.dir/topics_sources/sensor_combined.cpp.o[0m
[ 17%] [32mBuilding CXX object msg/CMakeFiles/uorb_msgs.dir/topics_sources/sensor_correction.cpp.o[0m
[ 17%] [32mBuilding CXX object msg/CMakeFiles/uorb_msgs.dir/topics_sources/sensor_mag.cpp.o[0m
[ 17%] [32mBuilding CXX object msg/CMakeFiles/uorb_msgs.dir/topics_sources/sensor_gyro.cpp.o[0m
[ 17%] [32mBuilding CXX object msg/CMakeFiles/uorb_msgs.dir/topics_sources/sensor_preflight.cpp.o[0m
[ 17%] [32mBuilding CXX object msg/CMakeFiles/uorb_msgs.dir/topics_sources/sensor_selection.cpp.o[0m
[ 17%] [32mBuilding CXX object msg/CMakeFiles/uorb_msgs.dir/topics_sources/subsystem_info.cpp.o[0m
[ 18%] [32mBuilding CXX object msg/CMakeFiles/uorb_msgs.dir/topics_sources/servorail_status.cpp.o[0m
[ 18%] [32mBuilding CXX object msg/CMakeFiles/uorb_msgs.dir/topics_sources/system_power.cpp.o[0m
[ 18%] [32mBuilding CXX object msg/CMakeFiles/uorb_msgs.dir/topics_sources/task_stack_info.cpp.o[0m
[ 18%] [32mBuilding CXX object msg/CMakeFiles/uorb_msgs.dir/topics_sources/tecs_status.cpp.o[0m
[ 18%] [32mBuilding CXX object msg/CMakeFiles/uorb_msgs.dir/topics_sources/test_motor.cpp.o[0m
[ 18%] [32mBuilding CXX object msg/CMakeFiles/uorb_msgs.dir/topics_sources/telemetry_status.cpp.o[0m
[ 19%] [32mBuilding CXX object msg/CMakeFiles/uorb_msgs.dir/topics_sources/time_offset.cpp.o[0m
[ 19%] [32mBuilding CXX object msg/CMakeFiles/uorb_msgs.dir/topics_sources/transponder_report.cpp.o[0m
[ 19%] [32mBuilding CXX object msg/CMakeFiles/uorb_msgs.dir/topics_sources/uavcan_parameter_request.cpp.o[0m
[ 19%] [32mBuilding CXX object msg/CMakeFiles/uorb_msgs.dir/topics_sources/tune_control.cpp.o[0m
[ 19%] [32mBuilding CXX object msg/CMakeFiles/uorb_msgs.dir/topics_sources/uavcan_parameter_value.cpp.o[0m
[ 19%] [32mBuilding CXX object msg/CMakeFiles/uorb_msgs.dir/topics_sources/ulog_stream.cpp.o[0m
[ 19%] [32mBuilding CXX object msg/CMakeFiles/uorb_msgs.dir/topics_sources/vehicle_attitude.cpp.o[0m
[ 20%] [32mBuilding CXX object msg/CMakeFiles/uorb_msgs.dir/topics_sources/ulog_stream_ack.cpp.o[0m
[ 20%] [32mBuilding CXX object msg/CMakeFiles/uorb_msgs.dir/topics_sources/vehicle_attitude_setpoint.cpp.o[0m
[ 20%] [32mBuilding CXX object msg/CMakeFiles/uorb_msgs.dir/topics_sources/vehicle_command_ack.cpp.o[0m
[ 20%] [32mBuilding CXX object msg/CMakeFiles/uorb_msgs.dir/topics_sources/vehicle_command.cpp.o[0m
[ 20%] [32mBuilding CXX object msg/CMakeFiles/uorb_msgs.dir/topics_sources/vehicle_control_mode.cpp.o[0m
[ 21%] [32mBuilding CXX object msg/CMakeFiles/uorb_msgs.dir/topics_sources/vehicle_global_position.cpp.o[0m
[ 21%] [32mBuilding CXX object msg/CMakeFiles/uorb_msgs.dir/topics_sources/vehicle_gps_position.cpp.o[0m
[ 21%] [32mBuilding CXX object msg/CMakeFiles/uorb_msgs.dir/topics_sources/vehicle_rates_setpoint.cpp.o[0m
[ 22%] [32mBuilding CXX object msg/CMakeFiles/uorb_msgs.dir/topics_sources/vehicle_roi.cpp.o[0m
[ 22%] [32mBuilding CXX object msg/CMakeFiles/uorb_msgs.dir/topics_sources/vehicle_local_position.cpp.o[0m
[ 22%] [32mBuilding CXX object msg/CMakeFiles/uorb_msgs.dir/topics_sources/vehicle_land_detected.cpp.o[0m
[ 22%] [32mBuilding CXX object msg/CMakeFiles/uorb_msgs.dir/topics_sources/vehicle_local_position_setpoint.cpp.o[0m
[ 22%] [32mBuilding CXX object msg/CMakeFiles/uorb_msgs.dir/topics_sources/wind_estimate.cpp.o[0m
[ 22%] [32mBuilding CXX object msg/CMakeFiles/uorb_msgs.dir/topics_sources/vehicle_status.cpp.o[0m
[ 22%] [32mBuilding CXX object msg/CMakeFiles/uorb_msgs.dir/topics_sources/vehicle_status_flags.cpp.o[0m
[ 22%] [32mBuilding CXX object msg/CMakeFiles/uorb_msgs.dir/topics_sources/vtol_vehicle_status.cpp.o[0m
[ 22%] [32m[1mLinking CXX static library /home/pratyush/git/px4_data_collection/catkin_ws/devel/.private/px4/lib/libuorb_msgs.a[0m
[ 22%] Built target uorb_msgs
[35m[1mScanning dependencies of target generate_topic_listener[0m
[35m[1mScanning dependencies of target platforms__common[0m
[ 22%] [34m[1mGenerating topic_listener.cpp[0m
[ 22%] [32mBuilding CXX object src/platforms/common/CMakeFiles/platforms__common.dir/module.cpp.o[0m
[ 22%] [32mBuilding CXX object src/platforms/common/CMakeFiles/platforms__common.dir/shutdown.cpp.o[0m
[ 22%] [32mBuilding C object src/platforms/common/CMakeFiles/platforms__common.dir/px4_log.c.o[0m
[ 22%] [32mBuilding C object src/platforms/common/CMakeFiles/platforms__common.dir/px4_getopt.c.o[0m
[ 22%] Built target generate_topic_listener
[ 22%] [32m[1mLinking CXX static library /home/pratyush/git/px4_data_collection/catkin_ws/devel/.private/px4/lib/libplatforms__common.a[0m
[ 22%] Built target platforms__common
[35m[1mScanning dependencies of target platforms__posix__px4_layer[0m
[35m[1mScanning dependencies of target drivers__ets_airspeed[0m
[35m[1mScanning dependencies of target drivers__ms5525_airspeed[0m
[35m[1mScanning dependencies of target platforms__posix__work_queue[0m
[35m[1mScanning dependencies of target drivers__sdp3x_airspeed[0m
[35m[1mScanning dependencies of target drivers__ms4525_airspeed[0m
[ 22%] [32mBuilding CXX object src/drivers/differential_pressure/ets/CMakeFiles/drivers__ets_airspeed.dir/ets_airspeed.cpp.o[0m
[ 22%] [32mBuilding CXX object src/drivers/differential_pressure/sdp3x/CMakeFiles/drivers__sdp3x_airspeed.dir/SDP3X.cpp.o[0m
[ 22%] [32mBuilding CXX object platforms/posix/src/px4_layer/CMakeFiles/platforms__posix__px4_layer.dir/px4_posix_impl.cpp.o[0m
[ 22%] [32mBuilding C object src/platforms/common/work_queue/CMakeFiles/platforms__posix__work_queue.dir/hrt_thread.c.o[0m
[ 22%] [32mBuilding CXX object src/drivers/differential_pressure/ms5525/CMakeFiles/drivers__ms5525_airspeed.dir/MS5525.cpp.o[0m
[ 22%] [32mBuilding CXX object src/drivers/differential_pressure/ms4525/CMakeFiles/drivers__ms4525_airspeed.dir/ms4525_airspeed.cpp.o[0m
[ 23%] [32mBuilding CXX object platforms/posix/src/px4_layer/CMakeFiles/platforms__posix__px4_layer.dir/px4_posix_tasks.cpp.o[0m
[ 23%] [32mBuilding C object src/platforms/common/work_queue/CMakeFiles/platforms__posix__work_queue.dir/hrt_queue.c.o[0m
[ 23%] [32m[1mLinking CXX static library /home/pratyush/git/px4_data_collection/catkin_ws/devel/.private/px4/lib/libdrivers__ets_airspeed.a[0m
[ 25%] [32mBuilding CXX object src/drivers/differential_pressure/sdp3x/CMakeFiles/drivers__sdp3x_airspeed.dir/SDP3X_main.cpp.o[0m
[ 25%] [32mBuilding C object src/platforms/common/work_queue/CMakeFiles/platforms__posix__work_queue.dir/hrt_work_cancel.c.o[0m
[ 25%] [32mBuilding CXX object src/drivers/differential_pressure/ms5525/CMakeFiles/drivers__ms5525_airspeed.dir/MS5525_main.cpp.o[0m
[ 26%] [32m[1mLinking CXX static library /home/pratyush/git/px4_data_collection/catkin_ws/devel/.private/px4/lib/libdrivers__ms4525_airspeed.a[0m
[ 26%] [32mBuilding C object src/platforms/common/work_queue/CMakeFiles/platforms__posix__work_queue.dir/work_thread.c.o[0m
[ 26%] Built target drivers__ets_airspeed
[ 27%] [32mBuilding C object src/platforms/common/work_queue/CMakeFiles/platforms__posix__work_queue.dir/work_lock.c.o[0m
[35m[1mScanning dependencies of target drivers__ll40ls[0m
[ 27%] Built target drivers__ms4525_airspeed
[ 27%] [32mBuilding CXX object src/drivers/distance_sensor/ll40ls/CMakeFiles/drivers__ll40ls.dir/ll40ls.cpp.o[0m
[35m[1mScanning dependencies of target drivers__mb12xx[0m
[ 27%] [32m[1mLinking CXX static library /home/pratyush/git/px4_data_collection/catkin_ws/devel/.private/px4/lib/libdrivers__sdp3x_airspeed.a[0m
[ 27%] [32mBuilding CXX object src/drivers/distance_sensor/mb12xx/CMakeFiles/drivers__mb12xx.dir/mb12xx.cpp.o[0m
[ 27%] [32mBuilding C object src/platforms/common/work_queue/CMakeFiles/platforms__posix__work_queue.dir/work_queue.c.o[0m
[ 27%] Built target drivers__sdp3x_airspeed
[ 27%] [32mBuilding C object src/platforms/common/work_queue/CMakeFiles/platforms__posix__work_queue.dir/work_cancel.c.o[0m
[35m[1mScanning dependencies of target drivers__sf0x[0m
[ 27%] [32mBuilding CXX object src/drivers/distance_sensor/sf0x/CMakeFiles/drivers__sf0x.dir/sf0x.cpp.o[0m
[ 27%] [32m[1mLinking CXX static library /home/pratyush/git/px4_data_collection/catkin_ws/devel/.private/px4/lib/libdrivers__ms5525_airspeed.a[0m
[ 27%] [32mBuilding C object src/platforms/common/work_queue/CMakeFiles/platforms__posix__work_queue.dir/queue.c.o[0m
[ 27%] Built target drivers__ms5525_airspeed
[ 27%] [32mBuilding C object src/platforms/common/work_queue/CMakeFiles/platforms__posix__work_queue.dir/dq_addlast.c.o[0m
[35m[1mScanning dependencies of target drivers__sf1xx[0m
[ 27%] [32mBuilding CXX object platforms/posix/src/px4_layer/CMakeFiles/platforms__posix__px4_layer.dir/px4_sem.cpp.o[0m
[ 27%] [32mBuilding CXX object src/drivers/distance_sensor/sf1xx/CMakeFiles/drivers__sf1xx.dir/sf1xx.cpp.o[0m
[ 27%] [32mBuilding C object src/platforms/common/work_queue/CMakeFiles/platforms__posix__work_queue.dir/dq_remfirst.c.o[0m
[ 28%] [32mBuilding C object src/platforms/common/work_queue/CMakeFiles/platforms__posix__work_queue.dir/sq_addlast.c.o[0m
[ 28%] [32mBuilding CXX object src/drivers/distance_sensor/ll40ls/CMakeFiles/drivers__ll40ls.dir/LidarLite.cpp.o[0m
[ 28%] [32mBuilding C object src/platforms/common/work_queue/CMakeFiles/platforms__posix__work_queue.dir/sq_remfirst.c.o[0m
[ 28%] [32mBuilding C object src/platforms/common/work_queue/CMakeFiles/platforms__posix__work_queue.dir/sq_addafter.c.o[0m
[ 28%] [32mBuilding C object platforms/posix/src/px4_layer/CMakeFiles/platforms__posix__px4_layer.dir/lib_crc32.c.o[0m
[ 28%] [32mBuilding C object src/platforms/common/work_queue/CMakeFiles/platforms__posix__work_queue.dir/dq_rem.c.o[0m
[ 28%] [32mBuilding CXX object src/drivers/distance_sensor/sf0x/CMakeFiles/drivers__sf0x.dir/sf0x_parser.cpp.o[0m
[ 28%] [32m[1mLinking C static library /home/pratyush/git/px4_data_collection/catkin_ws/devel/.private/px4/lib/libplatforms__posix__work_queue.a[0m
[ 28%] [32mBuilding C object platforms/posix/src/px4_layer/CMakeFiles/platforms__posix__px4_layer.dir/drv_hrt.c.o[0m
[ 29%] [32mBuilding CXX object src/drivers/distance_sensor/ll40ls/CMakeFiles/drivers__ll40ls.dir/LidarLiteI2C.cpp.o[0m
[ 29%] Built target platforms__posix__work_queue
[ 29%] [32mBuilding CXX object src/drivers/distance_sensor/ll40ls/CMakeFiles/drivers__ll40ls.dir/LidarLitePWM.cpp.o[0m
[35m[1mScanning dependencies of target drivers__srf02[0m
[ 29%] [32m[1mLinking CXX static library /home/pratyush/git/px4_data_collection/catkin_ws/devel/.private/px4/lib/libdrivers__sf0x.a[0m
[ 29%] [32mBuilding CXX object src/drivers/distance_sensor/srf02/CMakeFiles/drivers__srf02.dir/srf02.cpp.o[0m
[ 29%] Built target drivers__sf0x
[ 29%] [32m[1mLinking CXX static library /home/pratyush/git/px4_data_collection/catkin_ws/devel/.private/px4/lib/libplatforms__posix__px4_layer.a[0m
[35m[1mScanning dependencies of target drivers__srf02_i2c[0m
[ 30%] [32mBuilding CXX object src/drivers/distance_sensor/srf02_i2c/CMakeFiles/drivers__srf02_i2c.dir/srf02_i2c.cpp.o[0m
[ 30%] Built target platforms__posix__px4_layer
[ 30%] [32m[1mLinking CXX static library /home/pratyush/git/px4_data_collection/catkin_ws/devel/.private/px4/lib/libdrivers__mb12xx.a[0m
[35m[1mScanning dependencies of target drivers__teraranger[0m
[ 30%] [32m[1mLinking CXX static library /home/pratyush/git/px4_data_collection/catkin_ws/devel/.private/px4/lib/libdrivers__sf1xx.a[0m
[ 30%] [32mBuilding CXX object src/drivers/distance_sensor/teraranger/CMakeFiles/drivers__teraranger.dir/teraranger.cpp.o[0m
[ 30%] Built target drivers__mb12xx
[35m[1mScanning dependencies of target drivers__tfmini[0m
[35m[1mScanning dependencies of target drivers__ulanding[0m
[ 30%] [32mBuilding CXX object src/drivers/distance_sensor/tfmini/CMakeFiles/drivers__tfmini.dir/tfmini.cpp.o[0m
[ 30%] Built target drivers__sf1xx
[ 30%] [32mBuilding CXX object src/drivers/distance_sensor/ulanding/CMakeFiles/drivers__ulanding.dir/ulanding.cpp.o[0m
[35m[1mScanning dependencies of target drivers__leddar_one[0m
[ 30%] [32m[1mLinking CXX static library /home/pratyush/git/px4_data_collection/catkin_ws/devel/.private/px4/lib/libdrivers__ll40ls.a[0m
[ 31%] [32mBuilding CXX object src/drivers/distance_sensor/leddar_one/CMakeFiles/drivers__leddar_one.dir/leddar_one.cpp.o[0m
[ 31%] Built target drivers__ll40ls
[35m[1mScanning dependencies of target drivers__airspeed[0m
[ 31%] [32mBuilding CXX object src/drivers/airspeed/CMakeFiles/drivers__airspeed.dir/airspeed.cpp.o[0m
[ 31%] [32m[1mLinking CXX static library /home/pratyush/git/px4_data_collection/catkin_ws/devel/.private/px4/lib/libdrivers__leddar_one.a[0m
[ 31%] [32m[1mLinking CXX static library /home/pratyush/git/px4_data_collection/catkin_ws/devel/.private/px4/lib/libdrivers__teraranger.a[0m
[ 31%] [32m[1mLinking CXX static library /home/pratyush/git/px4_data_collection/catkin_ws/devel/.private/px4/lib/libdrivers__airspeed.a[0m
[ 31%] Built target drivers__leddar_one
[ 31%] Built target drivers__teraranger
[ 31%] [32mBuilding CXX object src/drivers/distance_sensor/tfmini/CMakeFiles/drivers__tfmini.dir/tfmini_parser.cpp.o[0m
[35m[1mScanning dependencies of target drivers__batt_smbus[0m
[ 31%] [32m[1mLinking CXX static library /home/pratyush/git/px4_data_collection/catkin_ws/devel/.private/px4/lib/libdrivers__srf02.a[0m
[ 31%] Built target drivers__airspeed
[ 31%] [32m[1mLinking CXX static library /home/pratyush/git/px4_data_collection/catkin_ws/devel/.private/px4/lib/libdrivers__ulanding.a[0m
[35m[1mScanning dependencies of target drivers__boards__sitl[0m
[ 32%] [32mBuilding CXX object src/drivers/batt_smbus/CMakeFiles/drivers__batt_smbus.dir/batt_smbus.cpp.o[0m
[35m[1mScanning dependencies of target drivers__camera_trigger[0m
[ 32%] [32mBuilding C object src/drivers/boards/sitl/CMakeFiles/drivers__boards__sitl.dir/sitl_led.c.o[0m
[ 32%] Built target drivers__srf02
[ 32%] Built target drivers__ulanding
[ 32%] [32mBuilding CXX object src/drivers/camera_trigger/CMakeFiles/drivers__camera_trigger.dir/camera_trigger.cpp.o[0m
[35m[1mScanning dependencies of target drivers__device[0m
[35m[1mScanning dependencies of target drivers__gps[0m
[ 33%] [32m[1mLinking CXX static library /home/pratyush/git/px4_data_collection/catkin_ws/devel/.private/px4/lib/libdrivers__tfmini.a[0m
[ 33%] [32mBuilding CXX object src/drivers/device/CMakeFiles/drivers__device.dir/CDev.cpp.o[0m
[ 33%] [32m[1mLinking C static library /home/pratyush/git/px4_data_collection/catkin_ws/devel/.private/px4/lib/libdrivers__boards__sitl.a[0m
[ 33%] [32m[1mLinking CXX static library /home/pratyush/git/px4_data_collection/catkin_ws/devel/.private/px4/lib/libdrivers__srf02_i2c.a[0m
[ 34%] [32mBuilding CXX object src/drivers/gps/CMakeFiles/drivers__gps.dir/gps.cpp.o[0m
[ 34%] Built target drivers__tfmini
[ 34%] [32mBuilding CXX object src/drivers/gps/CMakeFiles/drivers__gps.dir/devices/src/gps_helper.cpp.o[0m
[ 34%] Built target drivers__boards__sitl
[ 34%] Built target drivers__srf02_i2c
[35m[1mScanning dependencies of target drivers__linux_gpio[0m
[35m[1mScanning dependencies of target drivers__vmount[0m
[ 34%] [32mBuilding CXX object src/drivers/linux_gpio/CMakeFiles/drivers__linux_gpio.dir/linux_gpio.cpp.o[0m
[ 34%] [32mBuilding CXX object src/drivers/vmount/CMakeFiles/drivers__vmount.dir/input.cpp.o[0m
[ 34%] [32mBuilding CXX object src/drivers/gps/CMakeFiles/drivers__gps.dir/devices/src/mtk.cpp.o[0m
[ 34%] [32mBuilding CXX object src/drivers/vmount/CMakeFiles/drivers__vmount.dir/input_mavlink.cpp.o[0m
[ 34%] [32m[1mLinking CXX static library /home/pratyush/git/px4_data_collection/catkin_ws/devel/.private/px4/lib/libdrivers__linux_gpio.a[0m
[ 34%] [32mBuilding CXX object src/drivers/device/CMakeFiles/drivers__device.dir/ringbuffer.cpp.o[0m
[ 34%] [32mBuilding CXX object src/drivers/camera_trigger/CMakeFiles/drivers__camera_trigger.dir/interfaces/src/camera_interface.cpp.o[0m
[ 34%] Built target drivers__linux_gpio
[ 34%] [32m[1mLinking CXX static library /home/pratyush/git/px4_data_collection/catkin_ws/devel/.private/px4/lib/libdrivers__batt_smbus.a[0m
[35m[1mScanning dependencies of target modules__sensors[0m
[ 34%] [32mBuilding CXX object src/drivers/gps/CMakeFiles/drivers__gps.dir/devices/src/ashtech.cpp.o[0m
[ 34%] Built target drivers__batt_smbus
[ 34%] [32mBuilding CXX object src/modules/sensors/CMakeFiles/modules__sensors.dir/voted_sensors_update.cpp.o[0m
[35m[1mScanning dependencies of target platforms__posix__drivers__accelsim[0m
[ 34%] [32mBuilding CXX object src/drivers/vmount/CMakeFiles/drivers__vmount.dir/input_rc.cpp.o[0m
[ 35%] [32mBuilding CXX object src/drivers/camera_trigger/CMakeFiles/drivers__camera_trigger.dir/interfaces/src/pwm.cpp.o[0m
[ 35%] [32mBuilding CXX object src/drivers/device/CMakeFiles/drivers__device.dir/integrator.cpp.o[0m
[ 36%] [32mBuilding CXX object src/platforms/posix/drivers/accelsim/CMakeFiles/platforms__posix__drivers__accelsim.dir/accelsim.cpp.o[0m
[ 36%] [32mBuilding CXX object src/drivers/gps/CMakeFiles/drivers__gps.dir/devices/src/ubx.cpp.o[0m
[ 36%] [32mBuilding CXX object src/drivers/camera_trigger/CMakeFiles/drivers__camera_trigger.dir/interfaces/src/seagull_map2.cpp.o[0m
[ 36%] [32mBuilding CXX object src/drivers/camera_trigger/CMakeFiles/drivers__camera_trigger.dir/interfaces/src/gpio.cpp.o[0m
[ 36%] [32m[1mLinking CXX static library /home/pratyush/git/px4_data_collection/catkin_ws/devel/.private/px4/lib/libdrivers__camera_trigger.a[0m
[ 37%] [32mBuilding CXX object src/drivers/vmount/CMakeFiles/drivers__vmount.dir/input_test.cpp.o[0m
[ 37%] Built target drivers__camera_trigger
[35m[1mScanning dependencies of target platforms__posix__drivers__adcsim[0m
[ 37%] [32mBuilding CXX object src/platforms/posix/drivers/adcsim/CMakeFiles/platforms__posix__drivers__adcsim.dir/adcsim.cpp.o[0m
[ 38%] [32mBuilding CXX object src/drivers/device/CMakeFiles/drivers__device.dir/posix/I2C.cpp.o[0m
[ 38%] [32mBuilding CXX object src/drivers/vmount/CMakeFiles/drivers__vmount.dir/output.cpp.o[0m
[ 38%] [32mBuilding CXX object src/drivers/vmount/CMakeFiles/drivers__vmount.dir/output_mavlink.cpp.o[0m
[ 38%] [32m[1mLinking CXX static library /home/pratyush/git/px4_data_collection/catkin_ws/devel/.private/px4/lib/libplatforms__posix__drivers__adcsim.a[0m
[ 38%] [32mBuilding CXX object src/drivers/device/CMakeFiles/drivers__device.dir/posix/cdev_platform.cpp.o[0m
[ 38%] [32mBuilding CXX object src/drivers/vmount/CMakeFiles/drivers__vmount.dir/output_rc.cpp.o[0m
[ 38%] [32m[1mLinking CXX static library /home/pratyush/git/px4_data_collection/catkin_ws/devel/.private/px4/lib/libdrivers__gps.a[0m
[ 38%] Built target platforms__posix__drivers__adcsim
[35m[1mScanning dependencies of target platforms__posix__drivers__airspeedsim[0m
[ 38%] Built target drivers__gps
[35m[1mScanning dependencies of target platforms__posix__drivers__barosim[0m
[ 38%] [32mBuilding CXX object src/drivers/vmount/CMakeFiles/drivers__vmount.dir/vmount.cpp.o[0m
[35m[1mScanning dependencies of target platforms__posix__drivers__gpssim[0m
[ 38%] [32mBuilding CXX object src/platforms/posix/drivers/airspeedsim/CMakeFiles/platforms__posix__drivers__airspeedsim.dir/airspeedsim.cpp.o[0m
[ 38%] [32mBuilding CXX object src/platforms/posix/drivers/barosim/CMakeFiles/platforms__posix__drivers__barosim.dir/baro.cpp.o[0m
[ 38%] [32mBuilding CXX object src/platforms/posix/drivers/gpssim/CMakeFiles/platforms__posix__drivers__gpssim.dir/gpssim.cpp.o[0m
[ 38%] [32mBuilding CXX object src/modules/sensors/CMakeFiles/modules__sensors.dir/rc_update.cpp.o[0m
[ 38%] [32m[1mLinking CXX static library /home/pratyush/git/px4_data_collection/catkin_ws/devel/.private/px4/lib/libplatforms__posix__drivers__accelsim.a[0m
[ 38%] Built target platforms__posix__drivers__accelsim
[35m[1mScanning dependencies of target platforms__posix__drivers__gyrosim[0m
[ 38%] [32m[1mLinking CXX static library /home/pratyush/git/px4_data_collection/catkin_ws/devel/.private/px4/lib/libdrivers__vmount.a[0m
[ 38%] [32mBuilding CXX object src/platforms/posix/drivers/gyrosim/CMakeFiles/platforms__posix__drivers__gyrosim.dir/gyrosim.cpp.o[0m
[ 38%] Built target drivers__vmount
[35m[1mScanning dependencies of target platforms__posix__drivers__ledsim[0m
[ 38%] [32mBuilding CXX object src/platforms/posix/drivers/ledsim/CMakeFiles/platforms__posix__drivers__ledsim.dir/led.cpp.o[0m
[ 38%] [32mBuilding CXX object src/modules/sensors/CMakeFiles/modules__sensors.dir/sensors.cpp.o[0m
[ 38%] [32mBuilding CXX object src/platforms/posix/drivers/airspeedsim/CMakeFiles/platforms__posix__drivers__airspeedsim.dir/meas_airspeed_sim.cpp.o[0m
[ 38%] [32m[1mLinking CXX static library /home/pratyush/git/px4_data_collection/catkin_ws/devel/.private/px4/lib/libplatforms__posix__drivers__ledsim.a[0m
[ 38%] [32m[1mLinking CXX static library /home/pratyush/git/px4_data_collection/catkin_ws/devel/.private/px4/lib/libplatforms__posix__drivers__barosim.a[0m
[ 38%] Built target platforms__posix__drivers__ledsim
[ 38%] [32mBuilding CXX object src/drivers/device/CMakeFiles/drivers__device.dir/posix/vfile.cpp.o[0m
[ 38%] Built target platforms__posix__drivers__barosim
[35m[1mScanning dependencies of target platforms__posix__drivers__tonealrmsim[0m
[ 38%] [32mBuilding CXX object src/modules/sensors/CMakeFiles/modules__sensors.dir/parameters.cpp.o[0m
[ 38%] [32mBuilding CXX object src/platforms/posix/drivers/tonealrmsim/CMakeFiles/platforms__posix__drivers__tonealrmsim.dir/tone_alarm.cpp.o[0m
[ 39%] [32m[1mLinking CXX static library /home/pratyush/git/px4_data_collection/catkin_ws/devel/.private/px4/lib/libplatforms__posix__drivers__airspeedsim.a[0m
[ 39%] [32m[1mLinking CXX static library /home/pratyush/git/px4_data_collection/catkin_ws/devel/.private/px4/lib/libdrivers__device.a[0m
[ 39%] Built target platforms__posix__drivers__airspeedsim
[35m[1mScanning dependencies of target systemcmds__esc_calib[0m
[ 40%] [32mBuilding C object src/systemcmds/esc_calib/CMakeFiles/systemcmds__esc_calib.dir/esc_calib.c.o[0m
[ 40%] [32mBuilding CXX object src/modules/sensors/CMakeFiles/modules__sensors.dir/temperature_compensation.cpp.o[0m
[ 40%] Built target drivers__device
[35m[1mScanning dependencies of target systemcmds__led_control[0m
[35m[1mScanning dependencies of target systemcmds__mixer[0m
[ 40%] [32m[1mLinking CXX static library /home/pratyush/git/px4_data_collection/catkin_ws/devel/.private/px4/lib/libplatforms__posix__drivers__tonealrmsim.a[0m
[ 40%] [32mBuilding CXX object src/systemcmds/led_control/CMakeFiles/systemcmds__led_control.dir/led_control.cpp.o[0m
[ 40%] [32mBuilding CXX object src/systemcmds/mixer/CMakeFiles/systemcmds__mixer.dir/mixer.cpp.o[0m
[ 41%] [32m[1mLinking CXX static library /home/pratyush/git/px4_data_collection/catkin_ws/devel/.private/px4/lib/libplatforms__posix__drivers__gyrosim.a[0m
[ 41%] [32m[1mLinking C static library /home/pratyush/git/px4_data_collection/catkin_ws/devel/.private/px4/lib/libsystemcmds__esc_calib.a[0m
[ 41%] Built target platforms__posix__drivers__gyrosim
[ 41%] Built target platforms__posix__drivers__tonealrmsim
[35m[1mScanning dependencies of target systemcmds__motor_ramp[0m
[35m[1mScanning dependencies of target systemcmds__param[0m
[ 41%] Built target systemcmds__esc_calib
[ 41%] [32mBuilding CXX object src/systemcmds/param/CMakeFiles/systemcmds__param.dir/param.cpp.o[0m
[ 42%] [32mBuilding CXX object src/systemcmds/motor_ramp/CMakeFiles/systemcmds__motor_ramp.dir/motor_ramp.cpp.o[0m
[35m[1mScanning dependencies of target systemcmds__perf[0m
[ 42%] [32mBuilding C object src/systemcmds/perf/CMakeFiles/systemcmds__perf.dir/perf.c.o[0m
[ 43%] [32m[1mLinking CXX static library /home/pratyush/git/px4_data_collection/catkin_ws/devel/.private/px4/lib/libsystemcmds__led_control.a[0m
[ 43%] [32m[1mLinking CXX static library /home/pratyush/git/px4_data_collection/catkin_ws/devel/.private/px4/lib/libmodules__sensors.a[0m
[ 43%] [32m[1mLinking CXX static library /home/pratyush/git/px4_data_collection/catkin_ws/devel/.private/px4/lib/libsystemcmds__mixer.a[0m
[ 43%] [32m[1mLinking CXX static library /home/pratyush/git/px4_data_collection/catkin_ws/devel/.private/px4/lib/libplatforms__posix__drivers__gpssim.a[0m
[ 43%] [32m[1mLinking C static library /home/pratyush/git/px4_data_collection/catkin_ws/devel/.private/px4/lib/libsystemcmds__perf.a[0m
[ 43%] Built target systemcmds__led_control
[ 43%] Built target platforms__posix__drivers__gpssim
[ 43%] Built target modules__sensors
[35m[1mScanning dependencies of target systemcmds__sd_bench[0m
[35m[1mScanning dependencies of target systemcmds__pwm[0m
[35m[1mScanning dependencies of target systemcmds__reboot[0m
[ 43%] [32m[1mLinking CXX static library /home/pratyush/git/px4_data_collection/catkin_ws/devel/.private/px4/lib/libsystemcmds__motor_ramp.a[0m
[ 44%] [32mBuilding CXX object src/systemcmds/pwm/CMakeFiles/systemcmds__pwm.dir/pwm.cpp.o[0m
[ 44%] Built target systemcmds__mixer
[ 44%] [32mBuilding C object src/systemcmds/reboot/CMakeFiles/systemcmds__reboot.dir/reboot.c.o[0m
[ 44%] [32m[1mLinking CXX static library /home/pratyush/git/px4_data_collection/catkin_ws/devel/.private/px4/lib/libsystemcmds__param.a[0m
[ 44%] [32mBuilding C object src/systemcmds/sd_bench/CMakeFiles/systemcmds__sd_bench.dir/sd_bench.c.o[0m
[35m[1mScanning dependencies of target systemcmds__top[0m
[ 44%] Built target systemcmds__perf
[35m[1mScanning dependencies of target systemcmds__topic_listener[0m
[ 44%] Built target systemcmds__param
[ 44%] [32mBuilding C object src/systemcmds/top/CMakeFiles/systemcmds__top.dir/top.c.o[0m
[ 44%] Built target systemcmds__motor_ramp
[35m[1mScanning dependencies of target systemcmds__tune_control[0m
[ 44%] [32mBuilding CXX object src/systemcmds/topic_listener/CMakeFiles/systemcmds__topic_listener.dir/topic_listener.cpp.o[0m
[ 44%] [32mBuilding CXX object src/systemcmds/tune_control/CMakeFiles/systemcmds__tune_control.dir/tune_control.cpp.o[0m
[35m[1mScanning dependencies of target systemcmds__ver[0m
[ 44%] [32mBuilding C object src/systemcmds/ver/CMakeFiles/systemcmds__ver.dir/ver.c.o[0m
[ 44%] [32m[1mLinking C static library /home/pratyush/git/px4_data_collection/catkin_ws/devel/.private/px4/lib/libsystemcmds__reboot.a[0m
[ 44%] [32m[1mLinking C static library /home/pratyush/git/px4_data_collection/catkin_ws/devel/.private/px4/lib/libsystemcmds__sd_bench.a[0m
[ 44%] [32m[1mLinking C static library /home/pratyush/git/px4_data_collection/catkin_ws/devel/.private/px4/lib/libsystemcmds__top.a[0m
[ 44%] Built target systemcmds__reboot
[35m[1mScanning dependencies of target drivers__sf0x__sf0x_tests[0m
[ 44%] Built target systemcmds__sd_bench
[ 44%] [32mBuilding CXX object src/drivers/distance_sensor/sf0x/sf0x_tests/CMakeFiles/drivers__sf0x__sf0x_tests.dir/SF0XTest.cpp.o[0m
[ 44%] Built target systemcmds__top
[35m[1mScanning dependencies of target lib__rc__rc_tests[0m
[35m[1mScanning dependencies of target modules__commander__commander_tests[0m
[ 44%] [32m[1mLinking CXX static library /home/pratyush/git/px4_data_collection/catkin_ws/devel/.private/px4/lib/libsystemcmds__tune_control.a[0m
[ 44%] [32m[1mLinking C static library /home/pratyush/git/px4_data_collection/catkin_ws/devel/.private/px4/lib/libsystemcmds__ver.a[0m
[ 44%] [32mBuilding CXX object src/lib/rc/rc_tests/CMakeFiles/lib__rc__rc_tests.dir/RCTest.cpp.o[0m
[ 44%] [32mBuilding CXX object src/modules/commander/commander_tests/CMakeFiles/modules__commander__commander_tests.dir/commander_tests.cpp.o[0m
[ 44%] Built target systemcmds__tune_control
[ 44%] Built target systemcmds__ver
[35m[1mScanning dependencies of target lib__controllib__controllib_test[0m
[35m[1mScanning dependencies of target modules__mavlink__mavlink_tests[0m
[ 45%] [32mBuilding CXX object src/lib/controllib/controllib_test/CMakeFiles/lib__controllib__controllib_test.dir/controllib_test_main.cpp.o[0m
[ 46%] [32mBuilding CXX object src/drivers/distance_sensor/sf0x/sf0x_tests/CMakeFiles/drivers__sf0x__sf0x_tests.dir/__/sf0x_parser.cpp.o[0m
[ 46%] [32m[1mLinking CXX static library /home/pratyush/git/px4_data_collection/catkin_ws/devel/.private/px4/lib/libsystemcmds__pwm.a[0m
[ 46%] [32mBuilding CXX object src/modules/commander/commander_tests/CMakeFiles/modules__commander__commander_tests.dir/state_machine_helper_test.cpp.o[0m
[ 46%] [32mBuilding CXX object src/modules/mavlink/mavlink_tests/CMakeFiles/modules__mavlink__mavlink_tests.dir/mavlink_tests.cpp.o[0m
[ 46%] Built target systemcmds__pwm
[35m[1mScanning dependencies of target modules__mc_pos_control__mc_pos_control_tests[0m
[ 46%] [32m[1mLinking CXX static library /home/pratyush/git/px4_data_collection/catkin_ws/devel/.private/px4/lib/libdrivers__sf0x__sf0x_tests.a[0m
[ 46%] [32m[1mLinking CXX static library /home/pratyush/git/px4_data_collection/catkin_ws/devel/.private/px4/lib/liblib__rc__rc_tests.a[0m
[ 46%] [32mBuilding CXX object src/modules/mc_pos_control/mc_pos_control_tests/CMakeFiles/modules__mc_pos_control__mc_pos_control_tests.dir/mc_pos_control_tests.cpp.o[0m
[ 46%] Built target drivers__sf0x__sf0x_tests
[ 46%] Built target lib__rc__rc_tests
[35m[1mScanning dependencies of target modules__uORB__uORB_tests[0m
[35m[1mScanning dependencies of target systemcmds__tests[0m
[ 46%] [32mBuilding CXX object src/modules/uORB/uORB_tests/CMakeFiles/modules__uORB__uORB_tests.dir/uORB_tests_main.cpp.o[0m
[ 46%] [32mBuilding CXX object src/modules/commander/commander_tests/CMakeFiles/modules__commander__commander_tests.dir/__/state_machine_helper.cpp.o[0m
[ 47%] [32mBuilding C object src/systemcmds/tests/CMakeFiles/systemcmds__tests.dir/test_adc.c.o[0m
[ 47%] [32mBuilding CXX object src/systemcmds/tests/CMakeFiles/systemcmds__tests.dir/test_autodeclination.cpp.o[0m
[ 47%] [32mBuilding CXX object src/modules/mc_pos_control/mc_pos_control_tests/CMakeFiles/modules__mc_pos_control__mc_pos_control_tests.dir/__/mc_pos_control_main.cpp.o[0m
[ 47%] [32mBuilding CXX object src/modules/mavlink/mavlink_tests/CMakeFiles/modules__mavlink__mavlink_tests.dir/mavlink_ftp_test.cpp.o[0m
[ 47%] [32mBuilding C object src/systemcmds/tests/CMakeFiles/systemcmds__tests.dir/test_bson.c.o[0m
[ 47%] [32mBuilding CXX object src/modules/uORB/uORB_tests/CMakeFiles/modules__uORB__uORB_tests.dir/uORBTest_UnitTest.cpp.o[0m
[ 48%] [32mBuilding CXX object src/modules/commander/commander_tests/CMakeFiles/modules__commander__commander_tests.dir/__/PreflightCheck.cpp.o[0m
[ 48%] [32mBuilding CXX object src/systemcmds/tests/CMakeFiles/systemcmds__tests.dir/test_conv.cpp.o[0m
[ 48%] [32m[1mLinking CXX static library /home/pratyush/git/px4_data_collection/catkin_ws/devel/.private/px4/lib/liblib__controllib__controllib_test.a[0m
[ 48%] Built target lib__controllib__controllib_test
[35m[1mScanning dependencies of target platforms__posix__tests__hello[0m
[ 48%] [32mBuilding CXX object src/platforms/posix/tests/hello/CMakeFiles/platforms__posix__tests__hello.dir/hello_main.cpp.o[0m
[ 48%] [32mBuilding C object src/systemcmds/tests/CMakeFiles/systemcmds__tests.dir/test_dataman.c.o[0m
[ 50%] [32mBuilding CXX object src/platforms/posix/tests/hello/CMakeFiles/platforms__posix__tests__hello.dir/hello_start_posix.cpp.o[0m
[ 51%] [32m[1mLinking CXX static library /home/pratyush/git/px4_data_collection/catkin_ws/devel/.private/px4/lib/libmodules__uORB__uORB_tests.a[0m
[ 51%] [32m[1mLinking CXX static library /home/pratyush/git/px4_data_collection/catkin_ws/devel/.private/px4/lib/libmodules__commander__commander_tests.a[0m
[ 51%] [32mBuilding CXX object src/platforms/posix/tests/hello/CMakeFiles/platforms__posix__tests__hello.dir/hello_example.cpp.o[0m
[ 51%] Built target modules__uORB__uORB_tests
[ 51%] [32mBuilding C object src/systemcmds/tests/CMakeFiles/systemcmds__tests.dir/test_file.c.o[0m
[ 51%] [32mBuilding C object src/systemcmds/tests/CMakeFiles/systemcmds__tests.dir/test_file2.c.o[0m
[ 51%] Built target modules__commander__commander_tests
[35m[1mScanning dependencies of target platforms__posix__tests__hrt_test[0m
[ 51%] [32m[1mLinking CXX static library /home/pratyush/git/px4_data_collection/catkin_ws/devel/.private/px4/lib/libplatforms__posix__tests__hello.a[0m
[ 51%] [32mBuilding CXX object src/platforms/posix/tests/hrt_test/CMakeFiles/platforms__posix__tests__hrt_test.dir/hrt_test_main.cpp.o[0m
[ 51%] Built target platforms__posix__tests__hello
[35m[1mScanning dependencies of target platforms__posix__tests__muorb[0m
[ 52%] [32mBuilding CXX object src/systemcmds/tests/CMakeFiles/systemcmds__tests.dir/test_float.cpp.o[0m
[ 52%] [32mBuilding CXX object src/platforms/posix/tests/hrt_test/CMakeFiles/platforms__posix__tests__hrt_test.dir/hrt_test_start_posix.cpp.o[0m
[ 53%] [32mBuilding CXX object src/platforms/posix/tests/muorb/CMakeFiles/platforms__posix__tests__muorb.dir/muorb_test_main.cpp.o[0m
[ 53%] [32mBuilding C object src/systemcmds/tests/CMakeFiles/systemcmds__tests.dir/test_gpio.c.o[0m
[ 53%] [32mBuilding C object src/systemcmds/tests/CMakeFiles/systemcmds__tests.dir/test_hott_telemetry.c.o[0m
[ 53%] [32mBuilding CXX object src/platforms/posix/tests/hrt_test/CMakeFiles/platforms__posix__tests__hrt_test.dir/hrt_test.cpp.o[0m
[ 53%] [32mBuilding C object src/systemcmds/tests/CMakeFiles/systemcmds__tests.dir/test_hrt.c.o[0m
[ 53%] [32mBuilding CXX object src/systemcmds/tests/CMakeFiles/systemcmds__tests.dir/test_hysteresis.cpp.o[0m
[ 53%] [32m[1mLinking CXX static library /home/pratyush/git/px4_data_collection/catkin_ws/devel/.private/px4/lib/libplatforms__posix__tests__hrt_test.a[0m
[ 53%] Built target platforms__posix__tests__hrt_test
[35m[1mScanning dependencies of target platforms__posix__tests__vcdev_test[0m
[ 53%] [32mBuilding CXX object src/platforms/posix/tests/vcdev_test/CMakeFiles/platforms__posix__tests__vcdev_test.dir/vcdevtest_main.cpp.o[0m
[ 53%] [32mBuilding CXX object src/systemcmds/tests/CMakeFiles/systemcmds__tests.dir/test_int.cpp.o[0m
[ 53%] [32mBuilding CXX object src/platforms/posix/tests/muorb/CMakeFiles/platforms__posix__tests__muorb.dir/muorb_test_start_posix.cpp.o[0m
[ 53%] [32mBuilding CXX object src/platforms/posix/tests/vcdev_test/CMakeFiles/platforms__posix__tests__vcdev_test.dir/vcdevtest_start_posix.cpp.o[0m
[ 53%] [32mBuilding CXX object src/modules/mavlink/mavlink_tests/CMakeFiles/modules__mavlink__mavlink_tests.dir/__/mavlink_stream.cpp.o[0m
[ 54%] [32mBuilding CXX object src/platforms/posix/tests/vcdev_test/CMakeFiles/platforms__posix__tests__vcdev_test.dir/vcdevtest_example.cpp.o[0m
[ 55%] [32mBuilding C object src/systemcmds/tests/CMakeFiles/systemcmds__tests.dir/test_jig_voltages.c.o[0m
[ 55%] [32mBuilding C object src/systemcmds/tests/CMakeFiles/systemcmds__tests.dir/test_led.c.o[0m
[ 55%] [32mBuilding CXX object src/platforms/posix/tests/muorb/CMakeFiles/platforms__posix__tests__muorb.dir/muorb_test_example.cpp.o[0m
[ 55%] [32mBuilding CXX object src/systemcmds/tests/CMakeFiles/systemcmds__tests.dir/test_mathlib.cpp.o[0m
[ 55%] [32mBuilding CXX object src/systemcmds/tests/CMakeFiles/systemcmds__tests.dir/test_matrix.cpp.o[0m
[ 55%] [32m[1mLinking CXX static library /home/pratyush/git/px4_data_collection/catkin_ws/devel/.private/px4/lib/libplatforms__posix__tests__muorb.a[0m
[ 55%] [32m[1mLinking CXX static library /home/pratyush/git/px4_data_collection/catkin_ws/devel/.private/px4/lib/libplatforms__posix__tests__vcdev_test.a[0m
[ 55%] Built target platforms__posix__tests__muorb
[35m[1mScanning dependencies of target modules__commander[0m
[ 55%] Built target platforms__posix__tests__vcdev_test
[35m[1mScanning dependencies of target modules__uORB[0m
[ 56%] [32m[1mLinking CXX static library /home/pratyush/git/px4_data_collection/catkin_ws/devel/.private/px4/lib/libsystemcmds__topic_listener.a[0m
[ 56%] [32mBuilding CXX object src/modules/commander/CMakeFiles/modules__commander.dir/commander.cpp.o[0m
[ 56%] [32mBuilding CXX object src/modules/uORB/CMakeFiles/modules__uORB.dir/Publication.cpp.o[0m
[ 56%] Built target systemcmds__topic_listener
[35m[1mScanning dependencies of target modules__land_detector[0m
[ 56%] [32mBuilding CXX object src/modules/land_detector/CMakeFiles/modules__land_detector.dir/land_detector_main.cpp.o[0m
[ 56%] [32mBuilding CXX object src/modules/mavlink/mavlink_tests/CMakeFiles/modules__mavlink__mavlink_tests.dir/__/mavlink_ftp.cpp.o[0m
[ 56%] [32mBuilding CXX object src/modules/uORB/CMakeFiles/modules__uORB.dir/Subscription.cpp.o[0m
[ 56%] [32mBuilding CXX object src/modules/uORB/CMakeFiles/modules__uORB.dir/uORB.cpp.o[0m
[ 57%] [32mBuilding CXX object src/modules/land_detector/CMakeFiles/modules__land_detector.dir/LandDetector.cpp.o[0m
[ 58%] [32m[1mLinking CXX static library /home/pratyush/git/px4_data_collection/catkin_ws/devel/.private/px4/lib/libmodules__mc_pos_control__mc_pos_control_tests.a[0m
[ 58%] [32mBuilding CXX object src/modules/land_detector/CMakeFiles/modules__land_detector.dir/MulticopterLandDetector.cpp.o[0m
[ 58%] Built target modules__mc_pos_control__mc_pos_control_tests
[35m[1mScanning dependencies of target modules__load_mon[0m
[ 58%] [32mBuilding CXX object src/modules/load_mon/CMakeFiles/modules__load_mon.dir/load_mon.cpp.o[0m
[ 58%] [32mBuilding CXX object src/modules/uORB/CMakeFiles/modules__uORB.dir/uORBDevices.cpp.o[0m
[ 58%] [32mBuilding CXX object src/modules/land_detector/CMakeFiles/modules__land_detector.dir/FixedwingLandDetector.cpp.o[0m
[ 58%] [32m[1mLinking CXX static library /home/pratyush/git/px4_data_collection/catkin_ws/devel/.private/px4/lib/libmodules__load_mon.a[0m
[ 58%] [32mBuilding CXX object src/systemcmds/tests/CMakeFiles/systemcmds__tests.dir/test_mixer.cpp.o[0m
[ 58%] Built target modules__load_mon
[35m[1mScanning dependencies of target modules__mavlink[0m
[ 58%] [32mBuilding C object src/modules/mavlink/mavlink_tests/CMakeFiles/modules__mavlink__mavlink_tests.dir/__/mavlink.c.o[0m
[ 58%] [32mBuilding CXX object src/modules/land_detector/CMakeFiles/modules__land_detector.dir/VtolLandDetector.cpp.o[0m
[ 58%] [32mBuilding C object src/modules/mavlink/CMakeFiles/modules__mavlink.dir/mavlink.c.o[0m
[ 58%] [32mBuilding CXX object src/modules/land_detector/CMakeFiles/modules__land_detector.dir/RoverLandDetector.cpp.o[0m
[ 58%] [32mBuilding C object src/systemcmds/tests/CMakeFiles/systemcmds__tests.dir/test_mount.c.o[0m
[ 58%] [32m[1mLinking CXX static library /home/pratyush/git/px4_data_collection/catkin_ws/devel/.private/px4/lib/libmodules__mavlink__mavlink_tests.a[0m
[ 58%] Built target modules__mavlink__mavlink_tests
[35m[1mScanning dependencies of target modules__navigator[0m
[ 58%] [32m[1mLinking CXX static library /home/pratyush/git/px4_data_collection/catkin_ws/devel/.private/px4/lib/libmodules__land_detector.a[0m
[ 58%] [32mBuilding CXX object src/modules/mavlink/CMakeFiles/modules__mavlink.dir/mavlink_command_sender.cpp.o[0m
[ 59%] [32mBuilding C object src/systemcmds/tests/CMakeFiles/systemcmds__tests.dir/test_param.c.o[0m
[ 59%] Built target modules__land_detector
[ 59%] [32mBuilding CXX object src/modules/navigator/CMakeFiles/modules__navigator.dir/navigator_main.cpp.o[0m
[35m[1mScanning dependencies of target modules__replay[0m
[ 59%] [32mBuilding CXX object src/modules/replay/CMakeFiles/modules__replay.dir/replay_main.cpp.o[0m
[ 59%] [32mBuilding CXX object src/systemcmds/tests/CMakeFiles/systemcmds__tests.dir/test_parameters.cpp.o[0m
[ 59%] [32mBuilding CXX object src/modules/commander/CMakeFiles/modules__commander.dir/state_machine_helper.cpp.o[0m
[ 59%] [32mBuilding C object src/systemcmds/tests/CMakeFiles/systemcmds__tests.dir/test_perf.c.o[0m
[ 59%] [32mBuilding CXX object src/modules/navigator/CMakeFiles/modules__navigator.dir/navigator_mode.cpp.o[0m
[ 59%] [32mBuilding C object src/systemcmds/tests/CMakeFiles/systemcmds__tests.dir/test_ppm_loopback.c.o[0m
[ 59%] [32mBuilding CXX object src/modules/commander/CMakeFiles/modules__commander.dir/commander_helper.cpp.o[0m
[ 60%] [32mBuilding CXX object src/modules/uORB/CMakeFiles/modules__uORB.dir/uORBMain.cpp.o[0m
[ 60%] [32mBuilding C object src/systemcmds/tests/CMakeFiles/systemcmds__tests.dir/test_rc.c.o[0m
[ 60%] [32mBuilding CXX object src/modules/navigator/CMakeFiles/modules__navigator.dir/mission_block.cpp.o[0m
[ 60%] [32mBuilding C object src/systemcmds/tests/CMakeFiles/systemcmds__tests.dir/test_sensors.c.o[0m
[ 60%] [32mBuilding CXX object src/modules/commander/CMakeFiles/modules__commander.dir/calibration_routines.cpp.o[0m
[ 61%] [32mBuilding C object src/systemcmds/tests/CMakeFiles/systemcmds__tests.dir/test_servo.c.o[0m
[ 61%] [32mBuilding CXX object src/modules/uORB/CMakeFiles/modules__uORB.dir/uORBManager.cpp.o[0m
[ 62%] [32mBuilding CXX object src/modules/mavlink/CMakeFiles/modules__mavlink.dir/mavlink_ftp.cpp.o[0m
[ 62%] [32mBuilding C object src/systemcmds/tests/CMakeFiles/systemcmds__tests.dir/test_sleep.c.o[0m
[ 62%] [32mBuilding C object src/systemcmds/tests/CMakeFiles/systemcmds__tests.dir/test_uart_baudchange.c.o[0m
[ 62%] [32mBuilding CXX object src/modules/navigator/CMakeFiles/modules__navigator.dir/mission.cpp.o[0m
[ 62%] [32mBuilding C object src/systemcmds/tests/CMakeFiles/systemcmds__tests.dir/test_uart_console.c.o[0m
[ 62%] [32mBuilding C object src/systemcmds/tests/CMakeFiles/systemcmds__tests.dir/test_uart_loopback.c.o[0m
[ 62%] [32mBuilding CXX object src/modules/commander/CMakeFiles/modules__commander.dir/accelerometer_calibration.cpp.o[0m
[ 62%] [32mBuilding C object src/systemcmds/tests/CMakeFiles/systemcmds__tests.dir/test_uart_send.c.o[0m
[ 62%] [32mBuilding CXX object src/systemcmds/tests/CMakeFiles/systemcmds__tests.dir/test_versioning.cpp.o[0m
[ 62%] [32m[1mLinking CXX static library /home/pratyush/git/px4_data_collection/catkin_ws/devel/.private/px4/lib/libmodules__replay.a[0m
[ 62%] Built target modules__replay
[35m[1mScanning dependencies of target modules__simulator[0m
[ 62%] [32mBuilding CXX object src/modules/uORB/CMakeFiles/modules__uORB.dir/uORBUtils.cpp.o[0m
[ 62%] [32mBuilding CXX object src/modules/simulator/CMakeFiles/modules__simulator.dir/simulator.cpp.o[0m
[ 63%] [32mBuilding C object src/systemcmds/tests/CMakeFiles/systemcmds__tests.dir/tests_main.c.o[0m
[ 63%] [32mBuilding CXX object src/modules/navigator/CMakeFiles/modules__navigator.dir/loiter.cpp.o[0m
[ 63%] [32m[1mLinking CXX static library /home/pratyush/git/px4_data_collection/catkin_ws/devel/.private/px4/lib/libmodules__uORB.a[0m
[ 63%] [32m[1mLinking CXX static library /home/pratyush/git/px4_data_collection/catkin_ws/devel/.private/px4/lib/libsystemcmds__tests.a[0m
[ 64%] [32mBuilding CXX object src/modules/commander/CMakeFiles/modules__commander.dir/gyro_calibration.cpp.o[0m
[ 64%] Built target modules__uORB
[35m[1mScanning dependencies of target modules__attitude_estimator_q[0m
[ 64%] Built target systemcmds__tests
[ 64%] [32mBuilding CXX object src/modules/attitude_estimator_q/CMakeFiles/modules__attitude_estimator_q.dir/attitude_estimator_q_main.cpp.o[0m
[35m[1mScanning dependencies of target modules__ekf2[0m
[ 64%] [32mBuilding CXX object src/modules/ekf2/CMakeFiles/modules__ekf2.dir/ekf2_main.cpp.o[0m
[ 65%] [32mBuilding CXX object src/modules/navigator/CMakeFiles/modules__navigator.dir/rtl.cpp.o[0m
[ 65%] [32mBuilding CXX object src/modules/mavlink/CMakeFiles/modules__mavlink.dir/mavlink_log_handler.cpp.o[0m
[ 65%] [32mBuilding CXX object src/modules/commander/CMakeFiles/modules__commander.dir/mag_calibration.cpp.o[0m
[ 65%] [32mBuilding CXX object src/modules/navigator/CMakeFiles/modules__navigator.dir/takeoff.cpp.o[0m
[ 65%] [32mBuilding CXX object src/modules/simulator/CMakeFiles/modules__simulator.dir/simulator_mavlink.cpp.o[0m
[ 65%] [32mBuilding CXX object src/modules/commander/CMakeFiles/modules__commander.dir/baro_calibration.cpp.o[0m
[ 65%] [32mBuilding CXX object src/modules/commander/CMakeFiles/modules__commander.dir/rc_calibration.cpp.o[0m
[ 65%] [32mBuilding CXX object src/modules/navigator/CMakeFiles/modules__navigator.dir/land.cpp.o[0m
[ 65%] [32m[1mLinking CXX static library /home/pratyush/git/px4_data_collection/catkin_ws/devel/.private/px4/lib/libmodules__attitude_estimator_q.a[0m
[ 65%] Built target modules__attitude_estimator_q
[35m[1mScanning dependencies of target modules__local_position_estimator[0m
[ 66%] [32mBuilding CXX object src/modules/local_position_estimator/CMakeFiles/modules__local_position_estimator.dir/local_position_estimator_main.cpp.o[0m
[ 66%] [32mBuilding CXX object src/modules/commander/CMakeFiles/modules__commander.dir/airspeed_calibration.cpp.o[0m
[ 66%] [32mBuilding CXX object src/modules/navigator/CMakeFiles/modules__navigator.dir/precland.cpp.o[0m
[ 66%] [32mBuilding CXX object src/modules/commander/CMakeFiles/modules__commander.dir/esc_calibration.cpp.o[0m
[ 66%] [32mBuilding CXX object src/modules/local_position_estimator/CMakeFiles/modules__local_position_estimator.dir/BlockLocalPositionEstimator.cpp.o[0m
[ 67%] [32mBuilding CXX object src/modules/commander/CMakeFiles/modules__commander.dir/PreflightCheck.cpp.o[0m
[ 67%] [32mBuilding CXX object src/modules/mavlink/CMakeFiles/modules__mavlink.dir/mavlink_main.cpp.o[0m
[ 67%] [32mBuilding CXX object src/modules/navigator/CMakeFiles/modules__navigator.dir/mission_feasibility_checker.cpp.o[0m
[ 67%] [32mBuilding CXX object src/modules/commander/CMakeFiles/modules__commander.dir/arm_auth.cpp.o[0m
[ 67%] [32m[1mLinking CXX static library /home/pratyush/git/px4_data_collection/catkin_ws/devel/.private/px4/lib/libmodules__commander.a[0m
[ 67%] Built target modules__commander
[35m[1mScanning dependencies of target modules__position_estimator_inav[0m
[ 68%] [32mBuilding CXX object src/modules/position_estimator_inav/CMakeFiles/modules__position_estimator_inav.dir/position_estimator_inav_main.cpp.o[0m
[ 68%] [32m[1mLinking CXX static library /home/pratyush/git/px4_data_collection/catkin_ws/devel/.private/px4/lib/libmodules__ekf2.a[0m
[ 68%] [32mBuilding CXX object src/modules/navigator/CMakeFiles/modules__navigator.dir/geofence.cpp.o[0m
[ 68%] Built target modules__ekf2
[35m[1mScanning dependencies of target lib__ecl[0m
[ 68%] [32mBuilding CXX object src/lib/ecl/CMakeFiles/lib__ecl.dir/attitude_fw/ecl_controller.cpp.o[0m
[ 68%] [32mBuilding CXX object src/lib/ecl/CMakeFiles/lib__ecl.dir/attitude_fw/ecl_pitch_controller.cpp.o[0m
[ 69%] [32mBuilding CXX object src/lib/ecl/CMakeFiles/lib__ecl.dir/attitude_fw/ecl_roll_controller.cpp.o[0m
[ 70%] [32mBuilding CXX object src/modules/navigator/CMakeFiles/modules__navigator.dir/datalinkloss.cpp.o[0m
[ 70%] [32mBuilding CXX object src/modules/local_position_estimator/CMakeFiles/modules__local_position_estimator.dir/sensors/flow.cpp.o[0m
[ 70%] [32m[1mLinking CXX static library /home/pratyush/git/px4_data_collection/catkin_ws/devel/.private/px4/lib/libmodules__simulator.a[0m
[ 70%] Built target modules__simulator
[35m[1mScanning dependencies of target modules__mc_pos_control[0m
[ 70%] [32mBuilding CXX object src/lib/ecl/CMakeFiles/lib__ecl.dir/attitude_fw/ecl_wheel_controller.cpp.o[0m
[ 70%] [32mBuilding CXX object src/modules/mc_pos_control/CMakeFiles/modules__mc_pos_control.dir/mc_pos_control_main.cpp.o[0m
[ 70%] [32mBuilding CXX object src/modules/position_estimator_inav/CMakeFiles/modules__position_estimator_inav.dir/inertial_filter.cpp.o[0m
[ 70%] [32mBuilding CXX object src/lib/ecl/CMakeFiles/lib__ecl.dir/attitude_fw/ecl_yaw_controller.cpp.o[0m
[ 70%] [32mBuilding CXX object src/modules/navigator/CMakeFiles/modules__navigator.dir/rcloss.cpp.o[0m
[ 70%] [32m[1mLinking CXX static library /home/pratyush/git/px4_data_collection/catkin_ws/devel/.private/px4/lib/libmodules__position_estimator_inav.a[0m
[ 70%] Built target modules__position_estimator_inav
[35m[1mScanning dependencies of target modules__vtol_att_control[0m
[ 70%] [32mBuilding CXX object src/modules/vtol_att_control/CMakeFiles/modules__vtol_att_control.dir/vtol_att_control_main.cpp.o[0m
[ 70%] [32mBuilding CXX object src/lib/ecl/CMakeFiles/lib__ecl.dir/EKF/airspeed_fusion.cpp.o[0m
[ 70%] [32mBuilding CXX object src/modules/navigator/CMakeFiles/modules__navigator.dir/enginefailure.cpp.o[0m
[ 70%] [32mBuilding CXX object src/modules/local_position_estimator/CMakeFiles/modules__local_position_estimator.dir/sensors/lidar.cpp.o[0m
[ 70%] [32mBuilding CXX object src/modules/vtol_att_control/CMakeFiles/modules__vtol_att_control.dir/tiltrotor.cpp.o[0m
[ 70%] [32mBuilding CXX object src/lib/ecl/CMakeFiles/lib__ecl.dir/EKF/control.cpp.o[0m
[ 70%] [32mBuilding CXX object src/modules/navigator/CMakeFiles/modules__navigator.dir/gpsfailure.cpp.o[0m
[ 70%] [32mBuilding CXX object src/modules/mavlink/CMakeFiles/modules__mavlink.dir/mavlink_messages.cpp.o[0m
[ 70%] [32mBuilding CXX object src/modules/local_position_estimator/CMakeFiles/modules__local_position_estimator.dir/sensors/sonar.cpp.o[0m
[ 70%] [32mBuilding CXX object src/modules/vtol_att_control/CMakeFiles/modules__vtol_att_control.dir/vtol_type.cpp.o[0m
[ 70%] [32mBuilding CXX object src/modules/navigator/CMakeFiles/modules__navigator.dir/follow_target.cpp.o[0m
[ 70%] [32mBuilding CXX object src/modules/vtol_att_control/CMakeFiles/modules__vtol_att_control.dir/tailsitter.cpp.o[0m
[ 70%] [32m[1mLinking CXX static library /home/pratyush/git/px4_data_collection/catkin_ws/devel/.private/px4/lib/libmodules__navigator.a[0m
[ 70%] [32mBuilding CXX object src/modules/local_position_estimator/CMakeFiles/modules__local_position_estimator.dir/sensors/gps.cpp.o[0m
[ 70%] Built target modules__navigator
[35m[1mScanning dependencies of target modules__logger[0m
[ 70%] [32mBuilding CXX object src/lib/ecl/CMakeFiles/lib__ecl.dir/EKF/covariance.cpp.o[0m
[ 70%] [32mBuilding CXX object src/modules/logger/CMakeFiles/modules__logger.dir/logger.cpp.o[0m
[ 70%] [32mBuilding CXX object src/modules/vtol_att_control/CMakeFiles/modules__vtol_att_control.dir/standard.cpp.o[0m
[ 70%] [32m[1mLinking CXX static library /home/pratyush/git/px4_data_collection/catkin_ws/devel/.private/px4/lib/libmodules__mc_pos_control.a[0m
[ 70%] Built target modules__mc_pos_control
[35m[1mScanning dependencies of target modules__sdlog2[0m
[ 70%] [32mBuilding C object src/modules/sdlog2/CMakeFiles/modules__sdlog2.dir/sdlog2.c.o[0m
[ 70%] [32mBuilding CXX object src/modules/local_position_estimator/CMakeFiles/modules__local_position_estimator.dir/sensors/baro.cpp.o[0m
[ 71%] [32m[1mLinking CXX static library /home/pratyush/git/px4_data_collection/catkin_ws/devel/.private/px4/lib/libmodules__vtol_att_control.a[0m
[ 71%] Built target modules__vtol_att_control
[35m[1mScanning dependencies of target modules__dataman[0m
[ 71%] [32mBuilding CXX object src/modules/dataman/CMakeFiles/modules__dataman.dir/dataman.cpp.o[0m
[ 72%] [32mBuilding CXX object src/modules/logger/CMakeFiles/modules__logger.dir/log_writer.cpp.o[0m
[ 73%] [32mBuilding CXX object src/modules/local_position_estimator/CMakeFiles/modules__local_position_estimator.dir/sensors/vision.cpp.o[0m
[ 73%] [32mBuilding CXX object src/modules/logger/CMakeFiles/modules__logger.dir/log_writer_file.cpp.o[0m
[ 73%] [32mBuilding C object src/modules/sdlog2/CMakeFiles/modules__sdlog2.dir/logbuffer.c.o[0m
[ 73%] [32m[1mLinking CXX static library /home/pratyush/git/px4_data_collection/catkin_ws/devel/.private/px4/lib/libmodules__dataman.a[0m
[ 75%] [32m[1mLinking C static library /home/pratyush/git/px4_data_collection/catkin_ws/devel/.private/px4/lib/libmodules__sdlog2.a[0m
[ 75%] Built target modules__dataman
[ 75%] [34m[1mGenerating parameters.xml[0m
[ 75%] Built target modules__sdlog2
[35m[1mScanning dependencies of target modules__systemlib[0m
[ 75%] [32mBuilding C object src/modules/systemlib/CMakeFiles/modules__systemlib.dir/airspeed.c.o[0m
[ 75%] [32mBuilding CXX object src/modules/logger/CMakeFiles/modules__logger.dir/log_writer_mavlink.cpp.o[0m
[ 75%] [32mBuilding CXX object src/modules/systemlib/CMakeFiles/modules__systemlib.dir/battery.cpp.o[0m
[ 75%] [32m[1mLinking CXX static library /home/pratyush/git/px4_data_collection/catkin_ws/devel/.private/px4/lib/libmodules__logger.a[0m
[ 75%] Built target modules__logger
[35m[1mScanning dependencies of target modules__landing_target_estimator[0m
[ 76%] [32mBuilding CXX object src/modules/landing_target_estimator/CMakeFiles/modules__landing_target_estimator.dir/landing_target_estimator_main.cpp.o[0m
[ 76%] [32mBuilding CXX object src/modules/local_position_estimator/CMakeFiles/modules__local_position_estimator.dir/sensors/mocap.cpp.o[0m
[ 77%] [32mBuilding C object src/modules/systemlib/CMakeFiles/modules__systemlib.dir/board_serial.c.o[0m
[ 77%] [32mBuilding CXX object src/modules/mavlink/CMakeFiles/modules__mavlink.dir/mavlink_mission.cpp.o[0m
[ 77%] [32mBuilding CXX object src/modules/landing_target_estimator/CMakeFiles/modules__landing_target_estimator.dir/LandingTargetEstimator.cpp.o[0m
[ 77%] [32mBuilding C object src/modules/systemlib/CMakeFiles/modules__systemlib.dir/bson/tinybson.c.o[0m
[ 77%] [32mBuilding CXX object src/lib/ecl/CMakeFiles/lib__ecl.dir/EKF/ekf.cpp.o[0m
[ 77%] [32mBuilding CXX object src/modules/local_position_estimator/CMakeFiles/modules__local_position_estimator.dir/sensors/land.cpp.o[0m
[ 77%] [32mBuilding CXX object src/modules/systemlib/CMakeFiles/modules__systemlib.dir/circuit_breaker.cpp.o[0m
[ 77%] [32mBuilding CXX object src/modules/landing_target_estimator/CMakeFiles/modules__landing_target_estimator.dir/KalmanFilter.cpp.o[0m
[ 77%] [34m[1mGenerating px4_parameters.c, px4_parameters.h[0m
[35m[1mScanning dependencies of target modules__systemlib__param[0m
[ 77%] [32mBuilding C object src/modules/systemlib/CMakeFiles/modules__systemlib.dir/conversions.c.o[0m
[ 77%] [32mBuilding C object src/modules/systemlib/param/CMakeFiles/modules__systemlib__param.dir/param.c.o[0m
[ 77%] [32m[1mLinking CXX static library /home/pratyush/git/px4_data_collection/catkin_ws/devel/.private/px4/lib/libmodules__landing_target_estimator.a[0m
[ 77%] [32mBuilding CXX object src/modules/local_position_estimator/CMakeFiles/modules__local_position_estimator.dir/sensors/landing_target.cpp.o[0m
[ 78%] [32mBuilding CXX object src/lib/ecl/CMakeFiles/lib__ecl.dir/EKF/ekf_helper.cpp.o[0m
[ 78%] [32mBuilding C object src/modules/systemlib/CMakeFiles/modules__systemlib.dir/cpuload.c.o[0m
[ 78%] Built target modules__landing_target_estimator
[ 78%] [32mBuilding CXX object src/modules/mavlink/CMakeFiles/modules__mavlink.dir/mavlink_orb_subscription.cpp.o[0m
[ 79%] [32mBuilding CXX object src/modules/mavlink/CMakeFiles/modules__mavlink.dir/mavlink_parameters.cpp.o[0m
[ 79%] [32mBuilding C object src/modules/systemlib/CMakeFiles/modules__systemlib.dir/crc.c.o[0m
[ 79%] [32m[1mLinking CXX static library /home/pratyush/git/px4_data_collection/catkin_ws/devel/.private/px4/lib/libmodules__local_position_estimator.a[0m
[ 80%] [32mBuilding C object src/modules/systemlib/param/CMakeFiles/modules__systemlib__param.dir/px4_parameters.c.o[0m
[ 81%] [32mBuilding CXX object src/modules/systemlib/CMakeFiles/modules__systemlib.dir/hysteresis/hysteresis.cpp.o[0m
[ 81%] [32m[1mLinking C static library /home/pratyush/git/px4_data_collection/catkin_ws/devel/.private/px4/lib/libmodules__systemlib__param.a[0m
[ 81%] Built target modules__local_position_estimator
[ 81%] [32mBuilding C object src/modules/systemlib/CMakeFiles/modules__systemlib.dir/mavlink_log.c.o[0m
[ 81%] [32mBuilding C object src/modules/systemlib/CMakeFiles/modules__systemlib.dir/otp.c.o[0m
[ 81%] Built target modules__systemlib__param
[35m[1mScanning dependencies of target lib__controllib[0m
[ 81%] [32mBuilding C object src/modules/systemlib/CMakeFiles/modules__systemlib.dir/perf_counter.c.o[0m
[ 81%] [32mBuilding CXX object src/lib/controllib/CMakeFiles/lib__controllib.dir/block/Block.cpp.o[0m
[ 81%] [32mBuilding C object src/modules/systemlib/CMakeFiles/modules__systemlib.dir/pid/pid.c.o[0m
[ 81%] [32mBuilding C object src/modules/systemlib/CMakeFiles/modules__systemlib.dir/pwm_limit/pwm_limit.c.o[0m
[ 82%] [32mBuilding C object src/modules/systemlib/CMakeFiles/modules__systemlib.dir/rc_check.c.o[0m
[ 82%] [32mBuilding CXX object src/lib/controllib/CMakeFiles/lib__controllib.dir/block/BlockParam.cpp.o[0m
[ 82%] [32mBuilding C object src/modules/systemlib/CMakeFiles/modules__systemlib.dir/print_load_posix.c.o[0m
[ 82%] [32mBuilding C object src/modules/systemlib/CMakeFiles/modules__systemlib.dir/hx_stream.c.o[0m
[ 82%] [32mBuilding CXX object src/lib/ecl/CMakeFiles/lib__ecl.dir/EKF/estimator_interface.cpp.o[0m
[ 82%] [32mBuilding CXX object src/lib/controllib/CMakeFiles/lib__controllib.dir/BlockDerivative.cpp.o[0m
[ 82%] [32m[1mLinking CXX static library /home/pratyush/git/px4_data_collection/catkin_ws/devel/.private/px4/lib/libmodules__systemlib.a[0m
[ 82%] [32mBuilding CXX object src/lib/controllib/CMakeFiles/lib__controllib.dir/BlockHighPass.cpp.o[0m
[ 82%] Built target modules__systemlib
[35m[1mScanning dependencies of target lib__conversion[0m
[ 82%] [32mBuilding CXX object src/lib/conversion/CMakeFiles/lib__conversion.dir/rotation.cpp.o[0m
[ 82%] [32mBuilding CXX object src/lib/ecl/CMakeFiles/lib__ecl.dir/EKF/gps_checks.cpp.o[0m
[ 82%] [32mBuilding CXX object src/lib/controllib/CMakeFiles/lib__controllib.dir/BlockIntegral.cpp.o[0m
[ 82%] [32mBuilding CXX object src/modules/mavlink/CMakeFiles/modules__mavlink.dir/mavlink_rate_limiter.cpp.o[0m
[ 83%] [32mBuilding CXX object src/lib/controllib/CMakeFiles/lib__controllib.dir/BlockIntegralTrap.cpp.o[0m
[ 83%] [32m[1mLinking CXX static library /home/pratyush/git/px4_data_collection/catkin_ws/devel/.private/px4/lib/liblib__conversion.a[0m
[ 83%] [32mBuilding CXX object src/modules/mavlink/CMakeFiles/modules__mavlink.dir/mavlink_receiver.cpp.o[0m
[ 83%] [32mBuilding CXX object src/lib/controllib/CMakeFiles/lib__controllib.dir/BlockLimit.cpp.o[0m
[ 83%] [32mBuilding CXX object src/lib/ecl/CMakeFiles/lib__ecl.dir/EKF/mag_fusion.cpp.o[0m
[ 83%] Built target lib__conversion
[35m[1mScanning dependencies of target lib__DriverFramework__framework[0m
[ 83%] [32mBuilding CXX object src/lib/DriverFramework/framework/CMakeFiles/lib__DriverFramework__framework.dir/px4/df_dummy.cpp.o[0m
[ 84%] [32m[1mLinking CXX static library /home/pratyush/git/px4_data_collection/catkin_ws/devel/.private/px4/lib/liblib__DriverFramework__framework.a[0m
[ 84%] [32mBuilding CXX object src/lib/ecl/CMakeFiles/lib__ecl.dir/EKF/optflow_fusion.cpp.o[0m
[ 84%] Built target lib__DriverFramework__framework
[35m[1mScanning dependencies of target lib__geo[0m
[ 84%] [32mBuilding CXX object src/lib/controllib/CMakeFiles/lib__controllib.dir/BlockLimitSym.cpp.o[0m
[ 84%] [32mBuilding C object src/lib/geo/CMakeFiles/lib__geo.dir/geo.c.o[0m
[ 84%] [32mBuilding CXX object src/lib/controllib/CMakeFiles/lib__controllib.dir/BlockLowPass.cpp.o[0m
[ 84%] [32mBuilding CXX object src/lib/ecl/CMakeFiles/lib__ecl.dir/EKF/sideslip_fusion.cpp.o[0m
[ 84%] [32mBuilding CXX object src/lib/controllib/CMakeFiles/lib__controllib.dir/BlockLowPass2.cpp.o[0m
[ 84%] [32m[1mLinking C static library /home/pratyush/git/px4_data_collection/catkin_ws/devel/.private/px4/lib/liblib__geo.a[0m
[ 84%] Built target lib__geo
[35m[1mScanning dependencies of target lib__geo_lookup[0m
[ 84%] [32mBuilding C object src/lib/geo_lookup/CMakeFiles/lib__geo_lookup.dir/geo_mag_declination.c.o[0m
[ 84%] [32m[1mLinking CXX static library /home/pratyush/git/px4_data_collection/catkin_ws/devel/.private/px4/lib/liblib__controllib.a[0m
[ 84%] [32m[1mLinking C static library /home/pratyush/git/px4_data_collection/catkin_ws/devel/.private/px4/lib/liblib__geo_lookup.a[0m
[ 84%] Built target lib__geo_lookup
[ 84%] Built target lib__controllib
[ 85%] [32mBuilding CXX object src/lib/ecl/CMakeFiles/lib__ecl.dir/EKF/terrain_estimator.cpp.o[0m
[35m[1mScanning dependencies of target lib__led[0m
[ 86%] [32mBuilding CXX object src/lib/led/CMakeFiles/lib__led.dir/led.cpp.o[0m
[ 86%] [32m[1mLinking CXX static library /home/pratyush/git/px4_data_collection/catkin_ws/devel/.private/px4/lib/liblib__led.a[0m
[ 86%] Built target lib__led
[ 86%] [32mBuilding CXX object src/lib/ecl/CMakeFiles/lib__ecl.dir/EKF/drag_fusion.cpp.o[0m
[ 86%] [32mBuilding CXX object src/lib/ecl/CMakeFiles/lib__ecl.dir/EKF/vel_pos_fusion.cpp.o[0m
[ 86%] [32mBuilding CXX object src/lib/ecl/CMakeFiles/lib__ecl.dir/l1/ecl_l1_pos_controller.cpp.o[0m
[ 86%] [32mBuilding CXX object src/lib/ecl/CMakeFiles/lib__ecl.dir/tecs/tecs.cpp.o[0m
[ 86%] [32mBuilding CXX object src/lib/ecl/CMakeFiles/lib__ecl.dir/validation/data_validator.cpp.o[0m
[ 87%] [32mBuilding CXX object src/lib/ecl/CMakeFiles/lib__ecl.dir/validation/data_validator_group.cpp.o[0m
[ 87%] [32mBuilding CXX object src/modules/mavlink/CMakeFiles/modules__mavlink.dir/mavlink_shell.cpp.o[0m
[ 87%] [32mBuilding CXX object src/modules/mavlink/CMakeFiles/modules__mavlink.dir/mavlink_stream.cpp.o[0m
[ 87%] [32mBuilding CXX object src/modules/mavlink/CMakeFiles/modules__mavlink.dir/mavlink_ulog.cpp.o[0m
[35m[1mScanning dependencies of target lib__mixer[0m
[ 87%] [32mBuilding CXX object src/lib/mixer/CMakeFiles/lib__mixer.dir/mixer.cpp.o[0m
[ 87%] [32m[1mLinking CXX static library /home/pratyush/git/px4_data_collection/catkin_ws/devel/.private/px4/lib/liblib__ecl.a[0m
[ 87%] Built target lib__ecl
[35m[1mScanning dependencies of target lib__rc[0m
[ 87%] [32mBuilding CXX object src/lib/rc/CMakeFiles/lib__rc.dir/st24.cpp.o[0m
[ 87%] [32mBuilding CXX object src/lib/mixer/CMakeFiles/lib__mixer.dir/mixer_group.cpp.o[0m
[ 87%] [32mBuilding CXX object src/lib/rc/CMakeFiles/lib__rc.dir/sumd.cpp.o[0m
[ 87%] [32mBuilding CXX object src/lib/mixer/CMakeFiles/lib__mixer.dir/mixer_helicopter.cpp.o[0m
[ 87%] [32mBuilding C object src/lib/mixer/CMakeFiles/lib__mixer.dir/mixer_load.c.o[0m
[ 87%] [32mBuilding CXX object src/lib/rc/CMakeFiles/lib__rc.dir/sbus.cpp.o[0m
[ 87%] [32mBuilding CXX object src/lib/mixer/CMakeFiles/lib__mixer.dir/mixer_multirotor.cpp.o[0m
[ 87%] [32mBuilding CXX object src/lib/mixer/CMakeFiles/lib__mixer.dir/mixer_simple.cpp.o[0m
[ 87%] [32mBuilding CXX object src/lib/rc/CMakeFiles/lib__rc.dir/dsm.cpp.o[0m
[ 87%] [32mBuilding CXX object src/lib/rc/CMakeFiles/lib__rc.dir/common_rc.cpp.o[0m
[ 88%] [32m[1mLinking CXX static library /home/pratyush/git/px4_data_collection/catkin_ws/devel/.private/px4/lib/liblib__mixer.a[0m
[ 88%] Built target lib__mixer
[35m[1mScanning dependencies of target lib__terrain_estimation[0m
[ 88%] [32mBuilding CXX object src/lib/terrain_estimation/CMakeFiles/lib__terrain_estimation.dir/terrain_estimator.cpp.o[0m
[ 89%] [32m[1mLinking CXX static library /home/pratyush/git/px4_data_collection/catkin_ws/devel/.private/px4/lib/liblib__rc.a[0m
[ 89%] Built target lib__rc
[35m[1mScanning dependencies of target lib__tunes[0m
[ 89%] [32mBuilding CXX object src/lib/tunes/CMakeFiles/lib__tunes.dir/tunes.cpp.o[0m
[ 90%] [32mBuilding CXX object src/lib/tunes/CMakeFiles/lib__tunes.dir/default_tunes.cpp.o[0m
[35m[1mScanning dependencies of target lib__version[0m
[ 90%] [32m[1mLinking CXX static library /home/pratyush/git/px4_data_collection/catkin_ws/devel/.private/px4/lib/liblib__tunes.a[0m
[ 90%] [32mBuilding C object src/lib/version/CMakeFiles/lib__version.dir/version.c.o[0m
[ 90%] Built target lib__tunes
[35m[1mScanning dependencies of target modules__bottle_drop[0m
[ 91%] [32mBuilding CXX object src/examples/bottle_drop/CMakeFiles/modules__bottle_drop.dir/bottle_drop.cpp.o[0m
[ 91%] [32m[1mLinking C static library /home/pratyush/git/px4_data_collection/catkin_ws/devel/.private/px4/lib/liblib__version.a[0m
[ 91%] Built target lib__version
[35m[1mScanning dependencies of target examples__rover_steering_control[0m
[ 91%] [32mBuilding CXX object src/examples/rover_steering_control/CMakeFiles/examples__rover_steering_control.dir/main.cpp.o[0m
[ 92%] [32m[1mLinking CXX static library /home/pratyush/git/px4_data_collection/catkin_ws/devel/.private/px4/lib/libmodules__mavlink.a[0m
[ 92%] [32m[1mLinking CXX static library /home/pratyush/git/px4_data_collection/catkin_ws/devel/.private/px4/lib/liblib__terrain_estimation.a[0m
[ 92%] Built target modules__mavlink
[ 92%] Built target lib__terrain_estimation
[35m[1mScanning dependencies of target examples__uuv_example_app[0m
[ 92%] [32m[1mLinking CXX static library /home/pratyush/git/px4_data_collection/catkin_ws/devel/.private/px4/lib/libmodules__bottle_drop.a[0m
[ 92%] [32mBuilding CXX object src/examples/uuv_example_app/CMakeFiles/examples__uuv_example_app.dir/uuv_example_app.cpp.o[0m
[ 92%] Built target modules__bottle_drop
[35m[1mScanning dependencies of target examples__segway[0m
[ 93%] [32m[1mLinking CXX static library /home/pratyush/git/px4_data_collection/catkin_ws/devel/.private/px4/lib/libexamples__rover_steering_control.a[0m
[ 93%] [32mBuilding CXX object src/examples/segway/CMakeFiles/examples__segway.dir/blocks.cpp.o[0m
[ 93%] Built target examples__rover_steering_control
[35m[1mScanning dependencies of target examples__px4_simple_app[0m
[ 93%] [32mBuilding C object src/examples/px4_simple_app/CMakeFiles/examples__px4_simple_app.dir/px4_simple_app.c.o[0m
[ 94%] [32m[1mLinking CXX static library /home/pratyush/git/px4_data_collection/catkin_ws/devel/.private/px4/lib/libexamples__uuv_example_app.a[0m
[ 94%] [32m[1mLinking C static library /home/pratyush/git/px4_data_collection/catkin_ws/devel/.private/px4/lib/libexamples__px4_simple_app.a[0m
[ 94%] Built target examples__uuv_example_app
[ 94%] Built target examples__px4_simple_app
[35m[1mScanning dependencies of target examples__px4_mavlink_debug[0m
[35m[1mScanning dependencies of target examples__fixedwing_control[0m
[ 94%] [32mBuilding C object src/examples/px4_mavlink_debug/CMakeFiles/examples__px4_mavlink_debug.dir/px4_mavlink_debug.c.o[0m
[ 94%] [32mBuilding CXX object src/examples/fixedwing_control/CMakeFiles/examples__fixedwing_control.dir/main.cpp.o[0m
[ 94%] [32m[1mLinking C static library /home/pratyush/git/px4_data_collection/catkin_ws/devel/.private/px4/lib/libexamples__px4_mavlink_debug.a[0m
[ 94%] [32mBuilding CXX object src/examples/segway/CMakeFiles/examples__segway.dir/segway_main.cpp.o[0m
[ 94%] Built target examples__px4_mavlink_debug
[35m[1mScanning dependencies of target templates__module[0m
[ 94%] [32mBuilding CXX object src/templates/module/CMakeFiles/templates__module.dir/module.cpp.o[0m
[ 95%] [32m[1mLinking CXX static library /home/pratyush/git/px4_data_collection/catkin_ws/devel/.private/px4/lib/libexamples__fixedwing_control.a[0m
[ 95%] Built target examples__fixedwing_control
[35m[1mScanning dependencies of target modules__events[0m
[ 96%] [32mBuilding CXX object src/modules/events/CMakeFiles/modules__events.dir/send_event.cpp.o[0m
[ 96%] [32m[1mLinking CXX static library /home/pratyush/git/px4_data_collection/catkin_ws/devel/.private/px4/lib/libtemplates__module.a[0m
[ 96%] [32mBuilding CXX object src/examples/segway/CMakeFiles/examples__segway.dir/BlockSegwayController.cpp.o[0m
[ 96%] Built target templates__module
[35m[1mScanning dependencies of target modules__fw_att_control[0m
[ 96%] [32mBuilding CXX object src/modules/fw_att_control/CMakeFiles/modules__fw_att_control.dir/FixedwingAttitudeControl.cpp.o[0m
[ 96%] [32mBuilding CXX object src/modules/events/CMakeFiles/modules__events.dir/temperature_calibration/accel.cpp.o[0m
[ 96%] [32m[1mLinking CXX static library /home/pratyush/git/px4_data_collection/catkin_ws/devel/.private/px4/lib/libexamples__segway.a[0m
[ 96%] Built target examples__segway
[35m[1mScanning dependencies of target modules__fw_pos_control_l1[0m
[ 96%] [32mBuilding CXX object src/modules/fw_pos_control_l1/CMakeFiles/modules__fw_pos_control_l1.dir/FixedwingPositionControl.cpp.o[0m
[ 96%] [32mBuilding CXX object src/modules/events/CMakeFiles/modules__events.dir/temperature_calibration/baro.cpp.o[0m
[ 96%] [32m[1mLinking CXX static library /home/pratyush/git/px4_data_collection/catkin_ws/devel/.private/px4/lib/libmodules__fw_att_control.a[0m
[ 96%] Built target modules__fw_att_control
[35m[1mScanning dependencies of target modules__gnd_att_control[0m
[ 96%] [32mBuilding CXX object src/modules/gnd_att_control/CMakeFiles/modules__gnd_att_control.dir/GroundRoverAttitudeControl.cpp.o[0m
[ 96%] [32mBuilding CXX object src/modules/events/CMakeFiles/modules__events.dir/temperature_calibration/gyro.cpp.o[0m
[ 96%] [32m[1mLinking CXX static library /home/pratyush/git/px4_data_collection/catkin_ws/devel/.private/px4/lib/libmodules__gnd_att_control.a[0m
[ 96%] Built target modules__gnd_att_control
[35m[1mScanning dependencies of target modules__gnd_pos_control[0m
[ 96%] [32mBuilding CXX object src/modules/gnd_pos_control/CMakeFiles/modules__gnd_pos_control.dir/GroundRoverPositionControl.cpp.o[0m
[ 96%] [32mBuilding CXX object src/modules/fw_pos_control_l1/CMakeFiles/modules__fw_pos_control_l1.dir/Landingslope.cpp.o[0m
[ 96%] [32mBuilding CXX object src/modules/events/CMakeFiles/modules__events.dir/temperature_calibration/task.cpp.o[0m
[ 96%] [32m[1mLinking CXX static library /home/pratyush/git/px4_data_collection/catkin_ws/devel/.private/px4/lib/libmodules__gnd_pos_control.a[0m
[ 97%] [32m[1mLinking CXX static library /home/pratyush/git/px4_data_collection/catkin_ws/devel/.private/px4/lib/libmodules__fw_pos_control_l1.a[0m
[ 97%] Built target modules__gnd_pos_control
[ 97%] [32mBuilding CXX object src/modules/events/CMakeFiles/modules__events.dir/subscriber_handler.cpp.o[0m
[ 97%] Built target modules__fw_pos_control_l1
[ 98%] [32mBuilding CXX object src/modules/events/CMakeFiles/modules__events.dir/status_display.cpp.o[0m
[ 98%] [32mBuilding CXX object src/modules/events/CMakeFiles/modules__events.dir/set_leds.cpp.o[0m
[ 98%] [32m[1mLinking CXX static library /home/pratyush/git/px4_data_collection/catkin_ws/devel/.private/px4/lib/libmodules__events.a[0m
[ 98%] Built target modules__events
[35m[1mScanning dependencies of target px4[0m
[ 98%] [32mBuilding CXX object platforms/posix/CMakeFiles/px4.dir/src/main.cpp.o[0m
[100%] [32mBuilding CXX object platforms/posix/CMakeFiles/px4.dir/apps.cpp.o[0m
[100%] [32m[1mLinking CXX executable /home/pratyush/git/px4_data_collection/catkin_ws/devel/.private/px4/lib/px4/px4[0m
[100%] Built target px4
