Symlinking /home/pratyush/git/px4_data_collection/catkin_ws/devel/lib/libmodules__fw_pos_control_l1.a
Symlinking /home/pratyush/git/px4_data_collection/catkin_ws/devel/lib/libsystemcmds__mixer.a
Symlinking /home/pratyush/git/px4_data_collection/catkin_ws/devel/lib/libsystemcmds__param.a
Symlinking /home/pratyush/git/px4_data_collection/catkin_ws/devel/lib/libplatforms__posix__drivers__gyrosim.a
Symlinking /home/pratyush/git/px4_data_collection/catkin_ws/devel/lib/liblib__conversion.a
Symlinking /home/pratyush/git/px4_data_collection/catkin_ws/devel/lib/libdrivers__ms5525_airspeed.a
Symlinking /home/pratyush/git/px4_data_collection/catkin_ws/devel/lib/libmodules__mavlink__mavlink_tests.a
Symlinking /home/pratyush/git/px4_data_collection/catkin_ws/devel/lib/libmodules__local_position_estimator.a
Symlinking /home/pratyush/git/px4_data_collection/catkin_ws/devel/lib/libsystemcmds__pwm.a
Symlinking /home/pratyush/git/px4_data_collection/catkin_ws/devel/lib/libplatforms__posix__tests__hrt_test.a
Symlinking /home/pratyush/git/px4_data_collection/catkin_ws/devel/lib/libmodules__gnd_pos_control.a
Symlinking /home/pratyush/git/px4_data_collection/catkin_ws/devel/lib/liblib__rc__rc_tests.a
Symlinking /home/pratyush/git/px4_data_collection/catkin_ws/devel/lib/liblib__geo_lookup.a
Symlinking /home/pratyush/git/px4_data_collection/catkin_ws/devel/lib/libplatforms__posix__drivers__adcsim.a
Symlinking /home/pratyush/git/px4_data_collection/catkin_ws/devel/lib/libplatforms__common.a
Symlinking /home/pratyush/git/px4_data_collection/catkin_ws/devel/lib/liblib__DriverFramework__framework.a
Symlinking /home/pratyush/git/px4_data_collection/catkin_ws/devel/lib/liblib__mixer.a
Symlinking /home/pratyush/git/px4_data_collection/catkin_ws/devel/lib/libdrivers__sdp3x_airspeed.a
Symlinking /home/pratyush/git/px4_data_collection/catkin_ws/devel/lib/libdrivers__ulanding.a
Symlinking /home/pratyush/git/px4_data_collection/catkin_ws/devel/lib/libsystemcmds__motor_ramp.a
Symlinking /home/pratyush/git/px4_data_collection/catkin_ws/devel/lib/liblib__geo.a
Symlinking /home/pratyush/git/px4_data_collection/catkin_ws/devel/lib/libdrivers__srf02.a
Symlinking /home/pratyush/git/px4_data_collection/catkin_ws/devel/lib/libmodules__dataman.a
Symlinking /home/pratyush/git/px4_data_collection/catkin_ws/devel/lib/libmodules__navigator.a
Symlinking /home/pratyush/git/px4_data_collection/catkin_ws/devel/lib/liblib__controllib.a
Symlinking /home/pratyush/git/px4_data_collection/catkin_ws/devel/lib/libdrivers__tfmini.a
Symlinking /home/pratyush/git/px4_data_collection/catkin_ws/devel/lib/libmodules__landing_target_estimator.a
Symlinking /home/pratyush/git/px4_data_collection/catkin_ws/devel/lib/libdrivers__sf1xx.a
Symlinking /home/pratyush/git/px4_data_collection/catkin_ws/devel/lib/libexamples__px4_simple_app.a
Symlinking /home/pratyush/git/px4_data_collection/catkin_ws/devel/lib/libdf_driver_framework.a
Symlinking /home/pratyush/git/px4_data_collection/catkin_ws/devel/lib/libdrivers__ll40ls.a
Symlinking /home/pratyush/git/px4_data_collection/catkin_ws/devel/lib/libmodules__load_mon.a
Symlinking /home/pratyush/git/px4_data_collection/catkin_ws/devel/lib/liblib__rc.a
Symlinking /home/pratyush/git/px4_data_collection/catkin_ws/devel/lib/libsystemcmds__top.a
Symlinking /home/pratyush/git/px4_data_collection/catkin_ws/devel/lib/libplatforms__posix__work_queue.a
Symlinking /home/pratyush/git/px4_data_collection/catkin_ws/devel/lib/libmodules__simulator.a
Symlinking /home/pratyush/git/px4_data_collection/catkin_ws/devel/lib/libexamples__uuv_example_app.a
Symlinking /home/pratyush/git/px4_data_collection/catkin_ws/devel/lib/libsystemcmds__esc_calib.a
Symlinking /home/pratyush/git/px4_data_collection/catkin_ws/devel/lib/libplatforms__posix__tests__vcdev_test.a
Symlinking /home/pratyush/git/px4_data_collection/catkin_ws/devel/lib/libplatforms__posix__drivers__gpssim.a
Symlinking /home/pratyush/git/px4_data_collection/catkin_ws/devel/lib/libsystemcmds__led_control.a
Symlinking /home/pratyush/git/px4_data_collection/catkin_ws/devel/lib/liblib__version.a
Symlinking /home/pratyush/git/px4_data_collection/catkin_ws/devel/lib/libmodules__fw_att_control.a
Symlinking /home/pratyush/git/px4_data_collection/catkin_ws/devel/lib/libmodules__logger.a
Symlinking /home/pratyush/git/px4_data_collection/catkin_ws/devel/lib/libmodules__replay.a
Symlinking /home/pratyush/git/px4_data_collection/catkin_ws/devel/lib/libexamples__px4_mavlink_debug.a
Symlinking /home/pratyush/git/px4_data_collection/catkin_ws/devel/lib/libsystemcmds__tests.a
Symlinking /home/pratyush/git/px4_data_collection/catkin_ws/devel/lib/libplatforms__posix__tests__muorb.a
Symlinking /home/pratyush/git/px4_data_collection/catkin_ws/devel/lib/liblib__mathlib.a
Symlinking /home/pratyush/git/px4_data_collection/catkin_ws/devel/lib/libmodules__ekf2.a
Symlinking /home/pratyush/git/px4_data_collection/catkin_ws/devel/lib/libplatforms__posix__drivers__tonealrmsim.a
Symlinking /home/pratyush/git/px4_data_collection/catkin_ws/devel/lib/libmodules__uORB.a
Symlinking /home/pratyush/git/px4_data_collection/catkin_ws/devel/lib/libexamples__fixedwing_control.a
Symlinking /home/pratyush/git/px4_data_collection/catkin_ws/devel/lib/libdrivers__sf0x.a
Symlinking /home/pratyush/git/px4_data_collection/catkin_ws/devel/lib/libplatforms__posix__drivers__ledsim.a
Symlinking /home/pratyush/git/px4_data_collection/catkin_ws/devel/lib/libmodules__commander.a
Symlinking /home/pratyush/git/px4_data_collection/catkin_ws/devel/lib/libmodules__attitude_estimator_q.a
Symlinking /home/pratyush/git/px4_data_collection/catkin_ws/devel/lib/libsystemcmds__tune_control.a
Symlinking /home/pratyush/git/px4_data_collection/catkin_ws/devel/lib/libmodules__sensors.a
Symlinking /home/pratyush/git/px4_data_collection/catkin_ws/devel/lib/libsystemcmds__perf.a
Symlinking /home/pratyush/git/px4_data_collection/catkin_ws/devel/lib/libdrivers__ms4525_airspeed.a
Symlinking /home/pratyush/git/px4_data_collection/catkin_ws/devel/lib/libmodules__mavlink.a
Symlinking /home/pratyush/git/px4_data_collection/catkin_ws/devel/lib/libexamples__rover_steering_control.a
Symlinking /home/pratyush/git/px4_data_collection/catkin_ws/devel/lib/libdrivers__gps.a
Symlinking /home/pratyush/git/px4_data_collection/catkin_ws/devel/lib/libplatforms__posix__drivers__barosim.a
Symlinking /home/pratyush/git/px4_data_collection/catkin_ws/devel/lib/libplatforms__posix__drivers__airspeedsim.a
Symlinking /home/pratyush/git/px4_data_collection/catkin_ws/devel/lib/libsystemcmds__ver.a
Symlinking /home/pratyush/git/px4_data_collection/catkin_ws/devel/lib/libdrivers__srf02_i2c.a
Symlinking /home/pratyush/git/px4_data_collection/catkin_ws/devel/lib/liblib__led.a
Symlinking /home/pratyush/git/px4_data_collection/catkin_ws/devel/lib/librunway_takeoff.a
Symlinking /home/pratyush/git/px4_data_collection/catkin_ws/devel/lib/libmodules__land_detector.a
Symlinking /home/pratyush/git/px4_data_collection/catkin_ws/devel/lib/libsystemcmds__sd_bench.a
Symlinking /home/pratyush/git/px4_data_collection/catkin_ws/devel/lib/liblib__controllib__controllib_test.a
Symlinking /home/pratyush/git/px4_data_collection/catkin_ws/devel/lib/libdrivers__pwm_out_sim.a
Symlinking /home/pratyush/git/px4_data_collection/catkin_ws/devel/lib/libmodules__systemlib.a
Symlinking /home/pratyush/git/px4_data_collection/catkin_ws/devel/lib/libmodules__vtol_att_control.a
Symlinking /home/pratyush/git/px4_data_collection/catkin_ws/devel/lib/libdrivers__linux_gpio.a
Symlinking /home/pratyush/git/px4_data_collection/catkin_ws/devel/lib/libdrivers__mb12xx.a
Symlinking /home/pratyush/git/px4_data_collection/catkin_ws/devel/lib/libdrivers__batt_smbus.a
Symlinking /home/pratyush/git/px4_data_collection/catkin_ws/devel/lib/libmodules__events.a
Symlinking /home/pratyush/git/px4_data_collection/catkin_ws/devel/lib/libplatforms__posix__tests__hello.a
Symlinking /home/pratyush/git/px4_data_collection/catkin_ws/devel/lib/libdrivers__leddar_one.a
Symlinking /home/pratyush/git/px4_data_collection/catkin_ws/devel/lib/libmodules__position_estimator_inav.a
Symlinking /home/pratyush/git/px4_data_collection/catkin_ws/devel/lib/libdrivers__vmount.a
Symlinking /home/pratyush/git/px4_data_collection/catkin_ws/devel/lib/libexamples__segway.a
Symlinking /home/pratyush/git/px4_data_collection/catkin_ws/devel/lib/libmodules__mc_att_control.a
Symlinking /home/pratyush/git/px4_data_collection/catkin_ws/devel/lib/libsystemcmds__topic_listener.a
Symlinking /home/pratyush/git/px4_data_collection/catkin_ws/devel/lib/libdrivers__ets_airspeed.a
Symlinking /home/pratyush/git/px4_data_collection/catkin_ws/devel/lib/libtemplates__module.a
Symlinking /home/pratyush/git/px4_data_collection/catkin_ws/devel/lib/libdrivers__boards__sitl.a
Symlinking /home/pratyush/git/px4_data_collection/catkin_ws/devel/lib/libmodules__systemlib__param.a
Symlinking /home/pratyush/git/px4_data_collection/catkin_ws/devel/lib/libmodules__sdlog2.a
Symlinking /home/pratyush/git/px4_data_collection/catkin_ws/devel/lib/libplatforms__posix__drivers__accelsim.a
Symlinking /home/pratyush/git/px4_data_collection/catkin_ws/devel/lib/libtailsitter_recovery.a
Symlinking /home/pratyush/git/px4_data_collection/catkin_ws/devel/lib/liblib__terrain_estimation.a
Symlinking /home/pratyush/git/px4_data_collection/catkin_ws/devel/lib/libdrivers__camera_trigger.a
Symlinking /home/pratyush/git/px4_data_collection/catkin_ws/devel/lib/libuorb_msgs.a
Symlinking /home/pratyush/git/px4_data_collection/catkin_ws/devel/lib/libplatforms__posix__px4_layer.a
Symlinking /home/pratyush/git/px4_data_collection/catkin_ws/devel/lib/libmodules__gnd_att_control.a
Symlinking /home/pratyush/git/px4_data_collection/catkin_ws/devel/lib/libmodules__commander__commander_tests.a
Symlinking /home/pratyush/git/px4_data_collection/catkin_ws/devel/lib/libdrivers__sf0x__sf0x_tests.a
Symlinking /home/pratyush/git/px4_data_collection/catkin_ws/devel/lib/libmodules__uORB__uORB_tests.a
Symlinking /home/pratyush/git/px4_data_collection/catkin_ws/devel/lib/libsystemcmds__reboot.a
Symlinking /home/pratyush/git/px4_data_collection/catkin_ws/devel/lib/libdrivers__teraranger.a
Symlinking /home/pratyush/git/px4_data_collection/catkin_ws/devel/lib/liblaunchdetection.a
Symlinking /home/pratyush/git/px4_data_collection/catkin_ws/devel/lib/libdrivers__device.a
Symlinking /home/pratyush/git/px4_data_collection/catkin_ws/devel/lib/libmodules__mc_pos_control.a
Symlinking /home/pratyush/git/px4_data_collection/catkin_ws/devel/lib/libmodules__bottle_drop.a
Symlinking /home/pratyush/git/px4_data_collection/catkin_ws/devel/lib/libmodules__mc_pos_control__mc_pos_control_tests.a
Symlinking /home/pratyush/git/px4_data_collection/catkin_ws/devel/lib/liblib__ecl.a
Symlinking /home/pratyush/git/px4_data_collection/catkin_ws/devel/lib/liblib__tunes.a
Symlinking /home/pratyush/git/px4_data_collection/catkin_ws/devel/lib/libdrivers__airspeed.a
Symlinking /home/pratyush/git/px4_data_collection/catkin_ws/devel/lib/px4/px4
Symlinking /home/pratyush/git/px4_data_collection/catkin_ws/devel/lib/pkgconfig/px4.pc
Symlinking /home/pratyush/git/px4_data_collection/catkin_ws/devel/share/px4/cmake/px4Config.cmake
Symlinking /home/pratyush/git/px4_data_collection/catkin_ws/devel/share/px4/cmake/px4Config-version.cmake
